2023-03-13 12:54:28,343 - INFO - HUKD: 16 found
2023-03-13 12:54:28,789 - INFO - Amazon: 30 found
2023-03-13 12:54:31,353 - INFO - Bookzio: 45 found
2023-03-13 12:54:40,407 - INFO - New found: 4
2023-03-13 12:54:40,423 - INFO - ====== WebDriver manager ======
2023-03-13 12:54:42,991 - INFO - Get LATEST chromedriver version for google-chrome 110.0.5481
2023-03-13 12:54:43,128 - INFO - There is no [linux64] chromedriver for browser 110.0.5481 in cache
2023-03-13 12:54:43,128 - INFO - About to download new driver from https://chromedriver.storage.googleapis.com/110.0.5481.77/chromedriver_linux64.zip
2023-03-13 12:54:43,453 - INFO - Driver has been saved in cache [/home/runner/.wdm/drivers/chromedriver/linux64/110.0.5481]
2023-03-13 12:55:00,034 - INFO - https://www.amazon.com/dp/B09KYJKFM1
2023-03-13 12:55:00,034 - INFO - 1 of 4: https://www.amazon.com/dp/B09KYJKFM1
2023-03-13 12:55:01,399 - ERROR - Traceback (most recent call last):
  File "/home/runner/work/sdf/sdf/kindle.py", line 334, in posttoForum
    price = item.offers.listings[0].price.display_amount
            ^^^^
UnboundLocalError: cannot access local variable 'item' where it is not associated with a value

During handling of the above exception, another exception occurred:

Traceback (most recent call last):
  File "/home/runner/work/sdf/sdf/kindle.py", line 346, in posttoForum
    else driver.find_element(
         ^^^^^^^^^^^^^^^^^^^^
  File "/opt/hostedtoolcache/Python/3.11.2/x64/lib/python3.11/site-packages/selenium/webdriver/remote/webdriver.py", line 830, in find_element
    return self.execute(Command.FIND_ELEMENT, {"using": by, "value": value})["value"]
           ^^^^^^^^^^^^^^^^^^^^^^^^^^^^^^^^^^^^^^^^^^^^^^^^^^^^^^^^^^^^^^^^^
  File "/opt/hostedtoolcache/Python/3.11.2/x64/lib/python3.11/site-packages/selenium/webdriver/remote/webdriver.py", line 440, in execute
    self.error_handler.check_response(response)
  File "/opt/hostedtoolcache/Python/3.11.2/x64/lib/python3.11/site-packages/selenium/webdriver/remote/errorhandler.py", line 245, in check_response
    raise exception_class(message, screen, stacktrace)
selenium.common.exceptions.NoSuchElementException: Message: no such element: Unable to locate element: {"method":"css selector","selector":"#kindle-price.a-color-price"}
  (Session info: headless chrome=110.0.5481.177)
Stacktrace:
#0 0x5579ea9c7d93 <unknown>
#1 0x5579ea7962d7 <unknown>
#2 0x5579ea7d2caa <unknown>
#3 0x5579ea7d2db1 <unknown>
#4 0x5579ea8108f4 <unknown>
#5 0x5579ea7f661d <unknown>
#6 0x5579ea80e619 <unknown>
#7 0x5579ea7f6353 <unknown>
#8 0x5579ea7c5e40 <unknown>
#9 0x5579ea7c7038 <unknown>
#10 0x5579eaa1b8be <unknown>
#11 0x5579eaa1f8f0 <unknown>
#12 0x5579ea9fff90 <unknown>
#13 0x5579eaa20b7d <unknown>
#14 0x5579ea9f1578 <unknown>
#15 0x5579eaa45348 <unknown>
#16 0x5579eaa454d6 <unknown>
#17 0x5579eaa5f341 <unknown>
#18 0x7f3cd282cb43 <unknown>


2023-03-13 12:55:01,399 - INFO - https://www.amazon.com/dp/B00TUMS0CO
2023-03-13 12:55:01,399 - INFO - 2 of 4: https://www.amazon.com/dp/B00TUMS0CO
2023-03-13 12:56:11,550 - INFO - https://www.amazon.com/dp/B00CHKQXF2
2023-03-13 12:56:11,551 - INFO - 3 of 4: https://www.amazon.com/dp/B00CHKQXF2
2023-03-13 12:56:14,965 - ERROR - Traceback (most recent call last):
  File "/home/runner/work/sdf/sdf/kindle.py", line 334, in posttoForum
    price = item.offers.listings[0].price.display_amount
            ^^^^
UnboundLocalError: cannot access local variable 'item' where it is not associated with a value

During handling of the above exception, another exception occurred:

Traceback (most recent call last):
  File "/home/runner/work/sdf/sdf/kindle.py", line 346, in posttoForum
    else driver.find_element(
         ^^^^^^^^^^^^^^^^^^^^
  File "/opt/hostedtoolcache/Python/3.11.2/x64/lib/python3.11/site-packages/selenium/webdriver/remote/webdriver.py", line 830, in find_element
    return self.execute(Command.FIND_ELEMENT, {"using": by, "value": value})["value"]
           ^^^^^^^^^^^^^^^^^^^^^^^^^^^^^^^^^^^^^^^^^^^^^^^^^^^^^^^^^^^^^^^^^
  File "/opt/hostedtoolcache/Python/3.11.2/x64/lib/python3.11/site-packages/selenium/webdriver/remote/webdriver.py", line 440, in execute
    self.error_handler.check_response(response)
  File "/opt/hostedtoolcache/Python/3.11.2/x64/lib/python3.11/site-packages/selenium/webdriver/remote/errorhandler.py", line 245, in check_response
    raise exception_class(message, screen, stacktrace)
selenium.common.exceptions.NoSuchElementException: Message: no such element: Unable to locate element: {"method":"css selector","selector":"#kindle-price.a-color-price"}
  (Session info: headless chrome=110.0.5481.177)
Stacktrace:
#0 0x5579ea9c7d93 <unknown>
#1 0x5579ea7962d7 <unknown>
#2 0x5579ea7d2caa <unknown>
#3 0x5579ea7d2db1 <unknown>
#4 0x5579ea8108f4 <unknown>
#5 0x5579ea7f661d <unknown>
#6 0x5579ea80e619 <unknown>
#7 0x5579ea7f6353 <unknown>
#8 0x5579ea7c5e40 <unknown>
#9 0x5579ea7c7038 <unknown>
#10 0x5579eaa1b8be <unknown>
#11 0x5579eaa1f8f0 <unknown>
#12 0x5579ea9fff90 <unknown>
#13 0x5579eaa20b7d <unknown>
#14 0x5579ea9f1578 <unknown>
#15 0x5579eaa45348 <unknown>
#16 0x5579eaa454d6 <unknown>
#17 0x5579eaa5f341 <unknown>
#18 0x7f3cd282cb43 <unknown>


2023-03-13 12:56:14,965 - INFO - https://www.amazon.com/dp/B01L7YQOQQ
2023-03-13 12:56:14,965 - INFO - 4 of 4: https://www.amazon.com/dp/B01L7YQOQQ
