2023-03-12 13:18:39,724 - INFO - Crawling couponscorpion...
2023-03-12 13:18:39,905 - INFO - Page: 1
2023-03-12 13:18:39,914 - INFO - Page: 2
2023-03-12 13:18:39,923 - INFO - Page: 3
2023-03-12 13:18:39,933 - INFO - Page: 4
2023-03-12 13:18:39,944 - INFO - Page: 5
2023-03-12 13:18:39,952 - INFO - Page: 6
2023-03-12 13:18:39,961 - INFO - Page: 7
2023-03-12 13:18:39,961 - INFO - 0 links found in couponscorpion
2023-03-12 13:18:39,961 - INFO - Udemy links from couponscorpion tracking links:
2023-03-12 13:18:39,971 - INFO - Crawling inventhigh
2023-03-12 13:18:40,850 - INFO - Crawling: https://inventhigh.net/udemy/devops-fundamentals-for-beginners/
2023-03-12 13:18:40,851 - INFO - Checking: https://www.udemy.com/course/devops-fundamentals-for-beginners/?couponCode=FREEMAR110
2023-03-12 13:18:41,978 - INFO - NOT: https://www.udemy.com/course/devops-fundamentals-for-beginners/?couponCode=FREEMAR110
2023-03-12 13:18:42,513 - INFO - Crawling: https://inventhigh.net/udemy/learn-javascript-for-beginners-v/
2023-03-12 13:18:42,514 - INFO - Checking: https://www.udemy.com/course/learn-javascript-for-beginners-v/?couponCode=YOUACCEL76571
2023-03-12 13:18:42,526 - INFO - Crawling: https://inventhigh.net/udemy/setup-lamp-stack-on-a-remote-cloud-server-php-foundations/
2023-03-12 13:18:42,527 - INFO - Checking: https://www.udemy.com/course/setup-lamp-stack-on-a-remote-cloud-server-php-foundations/?couponCode=YOUACCEL76571
2023-03-12 13:18:42,578 - INFO - Crawling: https://inventhigh.net/udemy/learn-mysql-for-beginners/
2023-03-12 13:18:42,579 - INFO - Checking: https://www.udemy.com/course/learn-mysql-for-beginners/?couponCode=YOUACCEL76571
2023-03-12 13:18:42,582 - INFO - Crawling: https://inventhigh.net/udemy/internet-and-web-development-fundamentals/
2023-03-12 13:18:42,583 - INFO - Checking: https://www.udemy.com/course/internet-and-web-development-fundamentals/?couponCode=YOUACCEL80938
2023-03-12 13:18:42,590 - INFO - Crawling: https://inventhigh.net/udemy/install-nginx-php-mysql-ssl-wordpress-on-ubuntu/
2023-03-12 13:18:42,591 - INFO - Checking: https://www.udemy.com/course/install-nginx-php-mysql-ssl-wordpress-on-ubuntu/?couponCode=YOUACCEL76571
2023-03-12 13:18:42,593 - INFO - Crawling: https://inventhigh.net/udemy/nginx-apache-ssl-encryption-certification-course/
2023-03-12 13:18:42,594 - INFO - Checking: https://www.udemy.com/course/nginx-apache-ssl-encryption-certification-course/?couponCode=YOUACCEL76571
2023-03-12 13:18:42,662 - INFO - Crawling: https://inventhigh.net/udemy/learn-jquery-for-beginners/
2023-03-12 13:18:42,663 - INFO - Checking: https://www.udemy.com/course/learn-jquery-for-beginners/?couponCode=YOUACCEL80938
2023-03-12 13:18:42,697 - INFO - Crawling: https://inventhigh.net/udemy/web-development-masterclass-complete-certificate-course/
2023-03-12 13:18:42,698 - INFO - Checking: https://www.udemy.com/course/web-development-masterclass-complete-certificate-course/?couponCode=YOUACCEL76571
2023-03-12 13:18:42,705 - INFO - Crawling: https://inventhigh.net/udemy/learn-xml-ajax-for-beginners/
2023-03-12 13:18:42,706 - INFO - Checking: https://www.udemy.com/course/learn-xml-ajax-for-beginners/?couponCode=YOUACCEL80938
2023-03-12 13:18:42,854 - INFO - Crawling: https://inventhigh.net/udemy/fix-googles-new-not-secure-warning-with-lets-encrypt/
2023-03-12 13:18:42,855 - INFO - Checking: https://www.udemy.com/course/fix-googles-new-not-secure-warning-with-lets-encrypt/?couponCode=YOUACCEL80938
2023-03-12 13:18:43,863 - INFO - FREE: https://www.udemy.com/course/learn-javascript-for-beginners-v/?couponCode=YOUACCEL76571
2023-03-12 13:18:44,163 - INFO - FREE: https://www.udemy.com/course/learn-xml-ajax-for-beginners/?couponCode=YOUACCEL80938
2023-03-12 13:18:44,279 - INFO - FREE: https://www.udemy.com/course/setup-lamp-stack-on-a-remote-cloud-server-php-foundations/?couponCode=YOUACCEL76571
2023-03-12 13:18:44,302 - INFO - FREE: https://www.udemy.com/course/install-nginx-php-mysql-ssl-wordpress-on-ubuntu/?couponCode=YOUACCEL76571
2023-03-12 13:18:44,371 - INFO - FREE: https://www.udemy.com/course/fix-googles-new-not-secure-warning-with-lets-encrypt/?couponCode=YOUACCEL80938
2023-03-12 13:18:44,374 - INFO - FREE: https://www.udemy.com/course/web-development-masterclass-complete-certificate-course/?couponCode=YOUACCEL76571
2023-03-12 13:18:44,378 - INFO - FREE: https://www.udemy.com/course/nginx-apache-ssl-encryption-certification-course/?couponCode=YOUACCEL76571
2023-03-12 13:18:44,402 - INFO - FREE: https://www.udemy.com/course/internet-and-web-development-fundamentals/?couponCode=YOUACCEL80938
2023-03-12 13:18:44,455 - INFO - FREE: https://www.udemy.com/course/learn-mysql-for-beginners/?couponCode=YOUACCEL76571
2023-03-12 13:18:44,803 - INFO - Crawling: https://inventhigh.net/udemy/html-css-bootstrap-certification-course-for-beginners/
2023-03-12 13:18:44,804 - INFO - Checking: https://www.udemy.com/course/html-css-bootstrap-certification-course-for-beginners/?couponCode=YOUACCEL80938
2023-03-12 13:18:45,000 - INFO - Crawling: https://inventhigh.net/udemy/css-javascript-certification-course-for-beginners/
2023-03-12 13:18:45,002 - INFO - Checking: https://www.udemy.com/course/css-javascript-certification-course-for-beginners/?couponCode=YOUACCEL76571
2023-03-12 13:18:45,085 - INFO - FREE: https://www.udemy.com/course/learn-jquery-for-beginners/?couponCode=YOUACCEL80938
2023-03-12 13:18:45,175 - INFO - Crawling: https://inventhigh.net/udemy/build-an-amazon-affiliate-e-commerce-store-from-scratch/
2023-03-12 13:18:45,176 - INFO - Checking: https://www.udemy.com/course/build-an-amazon-affiliate-e-commerce-store-from-scratch/?couponCode=YOUACCEL76571
2023-03-12 13:18:45,567 - INFO - Crawling: https://inventhigh.net/udemy/amazon-elastic-compute-cloud-ec2-beginners/
2023-03-12 13:18:45,568 - INFO - Checking: https://www.udemy.com/course/amazon-elastic-compute-cloud-ec2-beginners/?couponCode=YOUACCEL80938
2023-03-12 13:18:45,601 - INFO - FREE: https://www.udemy.com/course/html-css-bootstrap-certification-course-for-beginners/?couponCode=YOUACCEL80938
2023-03-12 13:18:45,636 - INFO - Crawling: https://inventhigh.net/udemy/improving-software-development-productivity/
2023-03-12 13:18:45,637 - INFO - Checking: https://www.udemy.com/course/improving-software-development-productivity/?couponCode=DDB045D4543545AC47DC
2023-03-12 13:18:45,651 - INFO - Crawling: https://inventhigh.net/udemy/testing-for-developers/
2023-03-12 13:18:45,651 - INFO - Checking: https://www.udemy.com/course/testing-for-developers/?couponCode=60E214803EAE796E6929
2023-03-12 13:18:45,711 - INFO - FREE: https://www.udemy.com/course/css-javascript-certification-course-for-beginners/?couponCode=YOUACCEL76571
2023-03-12 13:18:45,796 - INFO - Crawling: https://inventhigh.net/udemy/learn-nextjs/
2023-03-12 13:18:45,797 - INFO - Checking: https://www.udemy.com/course/learn-nextjs/?couponCode=FREE323G8S1
2023-03-12 13:18:45,812 - INFO - Crawling: https://inventhigh.net/udemy/4-practice-tests-for-any-c-certification/
2023-03-12 13:18:45,813 - INFO - Checking: https://www.udemy.com/course/4-practice-tests-for-any-c-certification/?couponCode=3F2467FC5D8F7D63E4F6
2023-03-12 13:18:45,835 - INFO - Crawling: https://inventhigh.net/udemy/gof-design-patterns-learnit/
2023-03-12 13:18:45,836 - INFO - Checking: https://www.udemy.com/course/gof-design-patterns-learnit/?couponCode=AA4CC0FFC3709245C281
2023-03-12 13:18:45,862 - INFO - FREE: https://www.udemy.com/course/build-an-amazon-affiliate-e-commerce-store-from-scratch/?couponCode=YOUACCEL76571
2023-03-12 13:18:45,890 - INFO - Crawling: https://inventhigh.net/udemy/e-commerce-seo-2023/
2023-03-12 13:18:45,892 - INFO - Checking: https://www.udemy.com/course/e-commerce-seo-2023/?couponCode=LUCKYWATERRABBIT3
2023-03-12 13:18:46,731 - INFO - Crawling: https://inventhigh.net/udemy/tenses-and-its-types-in-one-shot/
2023-03-12 13:18:46,732 - INFO - Checking: https://www.udemy.com/course/tenses-and-its-types-in-one-shot/?couponCode=E44136044352ADB35014
2023-03-12 13:18:46,833 - INFO - FREE: https://www.udemy.com/course/amazon-elastic-compute-cloud-ec2-beginners/?couponCode=YOUACCEL80938
2023-03-12 13:18:46,933 - INFO - FREE: https://www.udemy.com/course/improving-software-development-productivity/?couponCode=DDB045D4543545AC47DC
2023-03-12 13:18:47,065 - INFO - FREE: https://www.udemy.com/course/learn-nextjs/?couponCode=FREE323G8S1
2023-03-12 13:18:47,084 - INFO - Crawling: https://inventhigh.net/udemy/wastewater-treatment-explained/
2023-03-12 13:18:47,085 - INFO - Checking: https://www.udemy.com/course/wastewater-treatment-explained/?couponCode=3154DDE25080FF1CBF9F
2023-03-12 13:18:47,168 - INFO - FREE: https://www.udemy.com/course/4-practice-tests-for-any-c-certification/?couponCode=3F2467FC5D8F7D63E4F6
2023-03-12 13:18:47,193 - INFO - Crawling: https://inventhigh.net/udemy/political-sociology-an-introduction/
2023-03-12 13:18:47,194 - INFO - Checking: https://www.udemy.com/course/political-sociology-an-introduction/?couponCode=POLSOL_FREE_323
2023-03-12 13:18:47,244 - INFO - FREE: https://www.udemy.com/course/testing-for-developers/?couponCode=60E214803EAE796E6929
2023-03-12 13:18:47,362 - INFO - FREE: https://www.udemy.com/course/e-commerce-seo-2023/?couponCode=LUCKYWATERRABBIT3
2023-03-12 13:18:47,417 - INFO - FREE: https://www.udemy.com/course/gof-design-patterns-learnit/?couponCode=AA4CC0FFC3709245C281
2023-03-12 13:18:48,055 - INFO - Crawling: https://inventhigh.net/udemy/personal-branding-master-course/
2023-03-12 13:18:48,057 - INFO - Checking: https://www.udemy.com/course/personal-branding-master-course/?couponCode=MAR2023FREE01
2023-03-12 13:18:48,097 - INFO - FREE: https://www.udemy.com/course/tenses-and-its-types-in-one-shot/?couponCode=E44136044352ADB35014
2023-03-12 13:18:48,162 - INFO - Crawling: https://inventhigh.net/udemy/niche-website-elementor-wordpress-website-blog-tutorials/
2023-03-12 13:18:48,163 - INFO - Checking: https://www.udemy.com/course/niche-website-elementor-wordpress-website-blog-tutorials/?couponCode=06C476E50E78FDB79E58
2023-03-12 13:18:48,243 - INFO - Crawling: https://inventhigh.net/udemy/sales-forecasting-sales-management-forecasting-models-sales-skills/
2023-03-12 13:18:48,244 - INFO - Checking: https://www.udemy.com/course/sales-forecasting-sales-management-forecasting-models-sales-skills/?couponCode=E0A25CF3A98901CD6ACC
2023-03-12 13:18:48,331 - INFO - FREE: https://www.udemy.com/course/wastewater-treatment-explained/?couponCode=3154DDE25080FF1CBF9F
2023-03-12 13:18:48,509 - INFO - Crawling: https://inventhigh.net/udemy/microsoft-ms-720-microsoft-teams-voice-engineer-ms-700/
2023-03-12 13:18:48,510 - INFO - Checking: https://www.udemy.com/course/microsoft-ms-720-microsoft-teams-voice-engineer-ms-700/?couponCode=E5CA1592800A7B8A641A
2023-03-12 13:18:48,655 - INFO - Crawling: https://inventhigh.net/udemy/business-process-modeling-bpm-and-bpmn-lucid-chart-business-mapping/
2023-03-12 13:18:48,656 - INFO - Checking: https://www.udemy.com/course/business-process-modeling-bpm-and-bpmn-lucid-chart-business-mapping/?couponCode=32DDEA51FBE6DA084C31
2023-03-12 13:18:48,677 - INFO - Crawling: https://inventhigh.net/udemy/haccp-hazard-analysis-and-critical-control-points-food-safety-harpc/
2023-03-12 13:18:48,678 - INFO - Checking: https://www.udemy.com/course/haccp-hazard-analysis-and-critical-control-points-food-safety-harpc/?couponCode=D7A44C7629D330342AC8
2023-03-12 13:18:48,703 - INFO - Crawling: https://inventhigh.net/udemy/business-plan-business-proposal-writing-startup-business-development/
2023-03-12 13:18:48,703 - INFO - Checking: https://www.udemy.com/course/business-plan-business-proposal-writing-startup-business-development/?couponCode=3523CA3D48F2C62BFAB4
2023-03-12 13:18:48,802 - INFO - FREE: https://www.udemy.com/course/political-sociology-an-introduction/?couponCode=POLSOL_FREE_323
2023-03-12 13:18:49,030 - INFO - Crawling: https://inventhigh.net/udemy/business-idea-generation-business-case-entrepreneurship/
2023-03-12 13:18:49,031 - INFO - Checking: https://www.udemy.com/course/business-idea-generation-business-case-entrepreneurship/?couponCode=1CF4E0366DB97F1DC683
2023-03-12 13:18:49,081 - INFO - FREE: https://www.udemy.com/course/personal-branding-master-course/?couponCode=MAR2023FREE01
2023-03-12 13:18:49,264 - INFO - Crawling: https://inventhigh.net/udemy/account-based-marketing-abm-b2b-marketing-b2b-sales-lead-generation/
2023-03-12 13:18:49,265 - INFO - Checking: https://www.udemy.com/course/account-based-marketing-abm-b2b-marketing-b2b-sales-lead-generation/?couponCode=A6F6E498A7F9EC582DCC
2023-03-12 13:18:49,453 - INFO - FREE: https://www.udemy.com/course/sales-forecasting-sales-management-forecasting-models-sales-skills/?couponCode=E0A25CF3A98901CD6ACC
2023-03-12 13:18:49,550 - INFO - FREE: https://www.udemy.com/course/niche-website-elementor-wordpress-website-blog-tutorials/?couponCode=06C476E50E78FDB79E58
2023-03-12 13:18:49,781 - INFO - FREE: https://www.udemy.com/course/microsoft-ms-720-microsoft-teams-voice-engineer-ms-700/?couponCode=E5CA1592800A7B8A641A
2023-03-12 13:18:49,914 - INFO - Crawling: https://inventhigh.net/udemy/make-money-online-blogging/
2023-03-12 13:18:49,915 - INFO - Checking: https://www.udemy.com/course/make-money-online-blogging/?couponCode=4CEBA7B44E54FC8A96EB
2023-03-12 13:18:50,063 - INFO - FREE: https://www.udemy.com/course/business-plan-business-proposal-writing-startup-business-development/?couponCode=3523CA3D48F2C62BFAB4
2023-03-12 13:18:50,106 - INFO - Crawling: https://inventhigh.net/udemy/facebook-ads-2023/
2023-03-12 13:18:50,107 - INFO - Checking: https://www.udemy.com/course/facebook-ads-2023/?couponCode=LUCKYWATERRABBIT3
2023-03-12 13:18:50,255 - INFO - FREE: https://www.udemy.com/course/haccp-hazard-analysis-and-critical-control-points-food-safety-harpc/?couponCode=D7A44C7629D330342AC8
2023-03-12 13:18:50,343 - INFO - FREE: https://www.udemy.com/course/business-process-modeling-bpm-and-bpmn-lucid-chart-business-mapping/?couponCode=32DDEA51FBE6DA084C31
2023-03-12 13:18:50,377 - INFO - FREE: https://www.udemy.com/course/business-idea-generation-business-case-entrepreneurship/?couponCode=1CF4E0366DB97F1DC683
2023-03-12 13:18:50,500 - INFO - FREE: https://www.udemy.com/course/account-based-marketing-abm-b2b-marketing-b2b-sales-lead-generation/?couponCode=A6F6E498A7F9EC582DCC
2023-03-12 13:18:50,538 - INFO - Crawling: https://inventhigh.net/udemy/articles-and-lettersapplications/
2023-03-12 13:18:50,539 - INFO - Checking: https://www.udemy.com/course/articles-and-lettersapplications/?couponCode=81BDFFB645C54E2EBDFE
2023-03-12 13:18:50,591 - INFO - Crawling: https://inventhigh.net/udemy/css-bootstrap-and-javascript-and-python-stack-course/
2023-03-12 13:18:50,593 - INFO - Checking: https://www.udemy.com/course/css-bootstrap-and-javascript-and-python-stack-course/?couponCode=EC3B333E0EF9FAC065CB
2023-03-12 13:18:50,711 - INFO - Crawling: https://inventhigh.net/udemy/the-complete-introduction-to-cryptocurrencies-trading/
2023-03-12 13:18:50,712 - INFO - Checking: https://www.udemy.com/course/the-complete-introduction-to-cryptocurrencies-trading/?couponCode=6DEF1BFF4EC7F9FF537E
2023-03-12 13:18:50,984 - INFO - Crawling: https://inventhigh.net/udemy/the-literature-review-a-comprehensive-six-step-guide/
2023-03-12 13:18:50,985 - INFO - Checking: https://www.udemy.com/course/the-literature-review-a-comprehensive-six-step-guide/?couponCode=FREECOURSE
2023-03-12 13:18:51,268 - INFO - Crawling: https://inventhigh.net/udemy/systematic-literature-review-a-practical-guide/
2023-03-12 13:18:51,269 - INFO - Checking: https://www.udemy.com/course/systematic-literature-review-a-practical-guide/?couponCode=FREECOURSE
2023-03-12 13:18:51,272 - INFO - Crawling: https://inventhigh.net/udemy/the-complete-introduction-to-online-course-creation/
2023-03-12 13:18:51,273 - INFO - Checking: https://www.udemy.com/course/the-complete-introduction-to-online-course-creation/?couponCode=6AE82ADA2B4857AAC7E7
2023-03-12 13:18:51,337 - INFO - FREE: https://www.udemy.com/course/make-money-online-blogging/?couponCode=4CEBA7B44E54FC8A96EB
2023-03-12 13:18:51,357 - INFO - FREE: https://www.udemy.com/course/facebook-ads-2023/?couponCode=LUCKYWATERRABBIT3
2023-03-12 13:18:51,494 - INFO - Crawling: https://inventhigh.net/udemy/introduction-to-international-trade-finance-trade-services/
2023-03-12 13:18:51,495 - INFO - Checking: https://www.udemy.com/course/introduction-to-international-trade-finance-trade-services/?couponCode=CB7E79E95383960BD018
2023-03-12 13:18:51,821 - INFO - Crawling: https://inventhigh.net/udemy/google-professional-data-engineer-practice-exams-2023/
2023-03-12 13:18:51,822 - INFO - Checking: https://www.udemy.com/course/google-professional-data-engineer-practice-exams-2023/?couponCode=8950D5F7117290315BC2
2023-03-12 13:18:51,924 - INFO - FREE: https://www.udemy.com/course/articles-and-lettersapplications/?couponCode=81BDFFB645C54E2EBDFE
2023-03-12 13:18:52,158 - INFO - NOT: https://www.udemy.com/course/css-bootstrap-and-javascript-and-python-stack-course/?couponCode=EC3B333E0EF9FAC065CB
2023-03-12 13:18:52,195 - INFO - NOT: https://www.udemy.com/course/google-professional-data-engineer-practice-exams-2023/?couponCode=8950D5F7117290315BC2
2023-03-12 13:18:52,196 - INFO - FREE: https://www.udemy.com/course/the-complete-introduction-to-cryptocurrencies-trading/?couponCode=6DEF1BFF4EC7F9FF537E
2023-03-12 13:18:52,268 - INFO - FREE: https://www.udemy.com/course/the-literature-review-a-comprehensive-six-step-guide/?couponCode=FREECOURSE
2023-03-12 13:18:52,502 - INFO - Crawling: https://inventhigh.net/udemy/google-professional-cloud-devops-engineer-practice-exam-2023/
2023-03-12 13:18:52,503 - INFO - Checking: https://www.udemy.com/course/google-professional-cloud-devops-engineer-practice-exam-2023/?couponCode=42E6D6E9D04A5E1E863F
2023-03-12 13:18:52,542 - INFO - Crawling: https://inventhigh.net/udemy/online-business-automatisieren-mit-zapier/
2023-03-12 13:18:52,543 - INFO - Checking: https://www.udemy.com/course/online-business-automatisieren-mit-zapier/?couponCode=F5E3A3D9B01D882B1D14
2023-03-12 13:18:52,583 - INFO - Crawling: https://inventhigh.net/udemy/video-lecture-with-neitdesign-for-invideo/
2023-03-12 13:18:52,584 - INFO - Checking: https://www.udemy.com/course/video-lecture-with-neitdesign-for-invideo/?couponCode=INVIDEO_MAR23_1
2023-03-12 13:18:52,640 - INFO - Crawling: https://inventhigh.net/udemy/master-your-brain-to-achieve-your-desired-success/
2023-03-12 13:18:52,641 - INFO - Checking: https://www.udemy.com/course/master-your-brain-to-achieve-your-desired-success/?couponCode=MAR2023FREE01
2023-03-12 13:18:52,761 - INFO - FREE: https://www.udemy.com/course/systematic-literature-review-a-practical-guide/?couponCode=FREECOURSE
2023-03-12 13:18:52,790 - INFO - Crawling: https://inventhigh.net/udemy/administration-of-red-hat-linux-practice-test-2-environment/
2023-03-12 13:18:52,791 - INFO - Checking: https://www.udemy.com/course/administration-of-red-hat-linux-practice-test-2-environment/?couponCode=462B63C6002170F080AF
2023-03-12 13:18:52,815 - INFO - FREE: https://www.udemy.com/course/introduction-to-international-trade-finance-trade-services/?couponCode=CB7E79E95383960BD018
2023-03-12 13:18:52,938 - INFO - NOT: https://www.udemy.com/course/google-professional-cloud-devops-engineer-practice-exam-2023/?couponCode=42E6D6E9D04A5E1E863F
2023-03-12 13:18:52,971 - INFO - FREE: https://www.udemy.com/course/the-complete-introduction-to-online-course-creation/?couponCode=6AE82ADA2B4857AAC7E7
2023-03-12 13:18:53,155 - INFO - Crawling: https://inventhigh.net/udemy/administration-of-red-hat-linux-practice-test-1-essentials/
2023-03-12 13:18:53,156 - INFO - Checking: https://www.udemy.com/course/administration-of-red-hat-linux-practice-test-1-essentials/?couponCode=81CB3E90BA37C4CB17A0
2023-03-12 13:18:53,316 - INFO - Crawling: https://inventhigh.net/udemy/shopify-dropshipping-winning-product-research-hunting-sourcing-/
2023-03-12 13:18:53,317 - INFO - Checking: https://www.udemy.com/course/shopify-dropshipping-winning-product-research-hunting-sourcing-/?couponCode=3102023
2023-03-12 13:18:53,319 - INFO - Crawling: https://inventhigh.net/udemy/shopify-dropshipping-facebook-ads-ecommerce-masterclass-2020-2021-2022/
2023-03-12 13:18:53,319 - INFO - Checking: https://www.udemy.com/course/shopify-dropshipping-facebook-ads-ecommerce-masterclass-2020-2021-2022/?couponCode=3102023
2023-03-12 13:18:53,745 - INFO - Crawling: https://inventhigh.net/udemy/digital-marketing-google-ads-adwords-search-seo-ppc/
2023-03-12 13:18:53,746 - INFO - Checking: https://www.udemy.com/course/digital-marketing-google-ads-adwords-search-seo-ppc/?couponCode=3102023
2023-03-12 13:18:53,849 - INFO - FREE: https://www.udemy.com/course/video-lecture-with-neitdesign-for-invideo/?couponCode=INVIDEO_MAR23_1
2023-03-12 13:18:53,858 - INFO - Crawling: https://inventhigh.net/udemy/start-vlogging-youtube-channel-marketing-videos-editing-phone/
2023-03-12 13:18:53,859 - INFO - Checking: https://www.udemy.com/course/start-vlogging-youtube-channel-marketing-videos-editing-phone/?couponCode=3102023
2023-03-12 13:18:53,903 - INFO - FREE: https://www.udemy.com/course/master-your-brain-to-achieve-your-desired-success/?couponCode=MAR2023FREE01
2023-03-12 13:18:53,985 - INFO - FREE: https://www.udemy.com/course/online-business-automatisieren-mit-zapier/?couponCode=F5E3A3D9B01D882B1D14
2023-03-12 13:18:54,007 - INFO - Crawling: https://inventhigh.net/udemy/digital-marketing-google-adwords-express-seo-ppc-advertising-2018/
2023-03-12 13:18:54,008 - INFO - Checking: https://www.udemy.com/course/digital-marketing-google-adwords-express-seo-ppc-advertising-2018/?couponCode=3102023
2023-03-12 13:18:54,018 - INFO - FREE: https://www.udemy.com/course/administration-of-red-hat-linux-practice-test-2-environment/?couponCode=462B63C6002170F080AF
2023-03-12 13:18:54,844 - INFO - FREE: https://www.udemy.com/course/shopify-dropshipping-facebook-ads-ecommerce-masterclass-2020-2021-2022/?couponCode=3102023
2023-03-12 13:18:54,870 - INFO - FREE: https://www.udemy.com/course/administration-of-red-hat-linux-practice-test-1-essentials/?couponCode=81CB3E90BA37C4CB17A0
2023-03-12 13:18:54,909 - INFO - FREE: https://www.udemy.com/course/digital-marketing-google-ads-adwords-search-seo-ppc/?couponCode=3102023
2023-03-12 13:18:54,936 - INFO - FREE: https://www.udemy.com/course/shopify-dropshipping-winning-product-research-hunting-sourcing-/?couponCode=3102023
2023-03-12 13:18:55,009 - INFO - Crawling: https://inventhigh.net/udemy/teach-udemy-passive-income-online-course-creation-hindi-urdu-2021-2022/
2023-03-12 13:18:55,010 - INFO - Checking: https://www.udemy.com/course/teach-udemy-passive-income-online-course-creation-hindi-urdu-2021-2022/?couponCode=3102023
2023-03-12 13:18:55,084 - INFO - Crawling: https://inventhigh.net/udemy/primavera-p6-training-for-beginners/
2023-03-12 13:18:55,085 - INFO - Checking: https://www.udemy.com/course/primavera-p6-training-for-beginners/?couponCode=E713900745D66DD3A428
2023-03-12 13:18:55,197 - INFO - Crawling: https://inventhigh.net/udemy/marketing-digital-facebook-ads-ecommerce-ventas-online-dropshipping/
2023-03-12 13:18:55,198 - INFO - Checking: https://www.udemy.com/course/marketing-digital-facebook-ads-ecommerce-ventas-online-dropshipping/?couponCode=3102023
2023-03-12 13:18:55,236 - INFO - Crawling: https://inventhigh.net/udemy/marketing-facebook-ads-leads-clientes-ventas-2020-2021-social-media/
2023-03-12 13:18:55,237 - INFO - Checking: https://www.udemy.com/course/marketing-facebook-ads-leads-clientes-ventas-2020-2021-social-media/?couponCode=3102023
2023-03-12 13:18:55,460 - INFO - FREE: https://www.udemy.com/course/digital-marketing-google-adwords-express-seo-ppc-advertising-2018/?couponCode=3102023
2023-03-12 13:18:55,580 - INFO - FREE: https://www.udemy.com/course/start-vlogging-youtube-channel-marketing-videos-editing-phone/?couponCode=3102023
2023-03-12 13:18:55,863 - INFO - Crawling: https://inventhigh.net/udemy/google-ads-for-beginners-2022-urduhindi/
2023-03-12 13:18:55,864 - INFO - Checking: https://www.udemy.com/course/google-ads-for-beginners-2022-urduhindi/?couponCode=3102023
2023-03-12 13:18:56,059 - INFO - Crawling: https://inventhigh.net/udemy/grow-fan-page-facebook-marketing-page-likes-ad-offers-messages-pixel/
2023-03-12 13:18:56,060 - INFO - Checking: https://www.udemy.com/course/grow-fan-page-facebook-marketing-page-likes-ad-offers-messages-pixel/?couponCode=3102023
2023-03-12 13:18:56,089 - INFO - Crawling: https://inventhigh.net/udemy/facebook-ads-pixel-shopify-apple-ios14-ecommerce-wordpress/
2023-03-12 13:18:56,090 - INFO - Checking: https://www.udemy.com/course/facebook-ads-pixel-shopify-apple-ios14-ecommerce-wordpress/?couponCode=3102023
2023-03-12 13:18:56,109 - INFO - Crawling: https://inventhigh.net/udemy/10000-facebook-page-followers-cheap-yasirahmedmba/
2023-03-12 13:18:56,110 - INFO - Checking: https://www.udemy.com/course/10000-facebook-page-followers-cheap-yasirahmedmba/?couponCode=3102023
2023-03-12 13:18:56,183 - INFO - FREE: https://www.udemy.com/course/teach-udemy-passive-income-online-course-creation-hindi-urdu-2021-2022/?couponCode=3102023
2023-03-12 13:18:56,452 - INFO - FREE: https://www.udemy.com/course/marketing-facebook-ads-leads-clientes-ventas-2020-2021-social-media/?couponCode=3102023
2023-03-12 13:18:56,468 - INFO - FREE: https://www.udemy.com/course/primavera-p6-training-for-beginners/?couponCode=E713900745D66DD3A428
2023-03-12 13:18:56,498 - INFO - Crawling: https://inventhigh.net/udemy/facebook-ads-whatsapp-marketing-yasirahmedmba-2022-2023-2024-2025/
2023-03-12 13:18:56,499 - INFO - Checking: https://www.udemy.com/course/facebook-ads-whatsapp-marketing-yasirahmedmba-2022-2023-2024-2025/?couponCode=3102023
2023-03-12 13:18:56,551 - INFO - Crawling: https://inventhigh.net/udemy/mastery-on-facebook-marketing-facebook-advertising-ads-digital/
2023-03-12 13:18:56,552 - INFO - Checking: https://www.udemy.com/course/mastery-on-facebook-marketing-facebook-advertising-ads-digital/?couponCode=3102023
2023-03-12 13:18:56,568 - INFO - FREE: https://www.udemy.com/course/marketing-digital-facebook-ads-ecommerce-ventas-online-dropshipping/?couponCode=3102023
2023-03-12 13:18:57,137 - INFO - Crawling: https://inventhigh.net/udemy/facebook-ads-for-dropshipping-ecommerce-sales-dropshipping-strategy/
2023-03-12 13:18:57,138 - INFO - Checking: https://www.udemy.com/course/facebook-ads-for-dropshipping-ecommerce-sales-dropshipping-strategy/?couponCode=3102023
2023-03-12 13:18:57,299 - INFO - FREE: https://www.udemy.com/course/google-ads-for-beginners-2022-urduhindi/?couponCode=3102023
2023-03-12 13:18:57,439 - INFO - FREE: https://www.udemy.com/course/grow-fan-page-facebook-marketing-page-likes-ad-offers-messages-pixel/?couponCode=3102023
2023-03-12 13:18:57,503 - INFO - FREE: https://www.udemy.com/course/facebook-ads-pixel-shopify-apple-ios14-ecommerce-wordpress/?couponCode=3102023
2023-03-12 13:18:57,543 - INFO - FREE: https://www.udemy.com/course/10000-facebook-page-followers-cheap-yasirahmedmba/?couponCode=3102023
2023-03-12 13:18:57,683 - INFO - Crawling: https://inventhigh.net/udemy/facebook-ads-audience-targeting-hacks-2023-2024-2025-yasirahmedmba/
2023-03-12 13:18:57,684 - INFO - Checking: https://www.udemy.com/course/facebook-ads-audience-targeting-hacks-2023-2024-2025-yasirahmedmba/?couponCode=3102023
2023-03-12 13:18:57,756 - INFO - FREE: https://www.udemy.com/course/facebook-ads-whatsapp-marketing-yasirahmedmba-2022-2023-2024-2025/?couponCode=3102023
2023-03-12 13:18:57,771 - INFO - Crawling: https://inventhigh.net/udemy/facebook-ads-marketing-targeting-strategy-2021-2020/
2023-03-12 13:18:57,772 - INFO - Checking: https://www.udemy.com/course/facebook-ads-marketing-targeting-strategy-2021-2020/?couponCode=3102023
2023-03-12 13:18:57,785 - INFO - Crawling: https://inventhigh.net/udemy/facebook-ads-marketing-hindi-urdu-targeting-strategies-2021-2022-2020/
2023-03-12 13:18:57,786 - INFO - Checking: https://www.udemy.com/course/facebook-ads-marketing-hindi-urdu-targeting-strategies-2021-2022-2020/?couponCode=3102023
2023-03-12 13:18:57,883 - INFO - FREE: https://www.udemy.com/course/mastery-on-facebook-marketing-facebook-advertising-ads-digital/?couponCode=3102023
2023-03-12 13:18:58,268 - INFO - Crawling: https://inventhigh.net/udemy/facebook-ads-marketing-yasir-ahmed-mba-2021-2022-2023-2024-2025/
2023-03-12 13:18:58,269 - INFO - Checking: https://www.udemy.com/course/facebook-ads-marketing-yasir-ahmed-mba-2021-2022-2023-2024-2025/?couponCode=3102023
2023-03-12 13:18:58,355 - INFO - FREE: https://www.udemy.com/course/facebook-ads-for-dropshipping-ecommerce-sales-dropshipping-strategy/?couponCode=3102023
2023-03-12 13:18:58,427 - INFO - Crawling: https://inventhigh.net/udemy/facebook-ads-marketing-funnel-ecommerce-yasirahmedmba/
2023-03-12 13:18:58,428 - INFO - Checking: https://www.udemy.com/course/facebook-ads-marketing-funnel-ecommerce-yasirahmedmba/?couponCode=3102023
2023-03-12 13:18:58,612 - INFO - Crawling: https://inventhigh.net/udemy/facebook-marketing-for-events-advertising-hacks-strategy/
2023-03-12 13:18:58,613 - INFO - Checking: https://www.udemy.com/course/facebook-marketing-for-events-advertising-hacks-strategy/?couponCode=3102023
2023-03-12 13:18:58,668 - INFO - Crawling: https://inventhigh.net/udemy/facebook-ads-facebook-marketing-strategy-advertising-for-traffic/
2023-03-12 13:18:58,669 - INFO - Checking: https://www.udemy.com/course/facebook-ads-facebook-marketing-strategy-advertising-for-traffic/?couponCode=3102023
2023-03-12 13:18:58,857 - INFO - Crawling: https://inventhigh.net/udemy/facebook-ads-marketing-lead-generation-business-digital-marketing/
2023-03-12 13:18:58,858 - INFO - Checking: https://www.udemy.com/course/facebook-ads-marketing-lead-generation-business-digital-marketing/?couponCode=3102023
2023-03-12 13:18:58,919 - INFO - Crawling: https://inventhigh.net/udemy/facebook-leads-generation-business-marketing-ads-strategy-hack/
2023-03-12 13:18:58,920 - INFO - Checking: https://www.udemy.com/course/facebook-leads-generation-business-marketing-ads-strategy-hack/?couponCode=3102023
2023-03-12 13:18:59,019 - INFO - FREE: https://www.udemy.com/course/facebook-ads-audience-targeting-hacks-2023-2024-2025-yasirahmedmba/?couponCode=3102023
2023-03-12 13:18:59,196 - INFO - FREE: https://www.udemy.com/course/facebook-ads-marketing-targeting-strategy-2021-2020/?couponCode=3102023
2023-03-12 13:18:59,296 - INFO - FREE: https://www.udemy.com/course/facebook-ads-marketing-hindi-urdu-targeting-strategies-2021-2022-2020/?couponCode=3102023
2023-03-12 13:18:59,321 - INFO - FREE: https://www.udemy.com/course/facebook-ads-marketing-yasir-ahmed-mba-2021-2022-2023-2024-2025/?couponCode=3102023
2023-03-12 13:18:59,378 - INFO - Crawling: https://inventhigh.net/udemy/digital-marketing-with-google-my-business-seo-website-local-listing/
2023-03-12 13:18:59,379 - INFO - Checking: https://www.udemy.com/course/digital-marketing-with-google-my-business-seo-website-local-listing/?couponCode=3102023
2023-03-12 13:18:59,639 - INFO - FREE: https://www.udemy.com/course/facebook-ads-marketing-funnel-ecommerce-yasirahmedmba/?couponCode=3102023
2023-03-12 13:19:00,024 - INFO - Crawling: https://inventhigh.net/udemy/facebook-marketing-for-lead-generation-2020/
2023-03-12 13:19:00,025 - INFO - Checking: https://www.udemy.com/course/facebook-marketing-for-lead-generation-2020/?couponCode=3102023
2023-03-12 13:19:00,230 - INFO - FREE: https://www.udemy.com/course/facebook-ads-marketing-lead-generation-business-digital-marketing/?couponCode=3102023
2023-03-12 13:19:00,242 - INFO - FREE: https://www.udemy.com/course/facebook-marketing-for-events-advertising-hacks-strategy/?couponCode=3102023
2023-03-12 13:19:00,246 - INFO - FREE: https://www.udemy.com/course/facebook-ads-facebook-marketing-strategy-advertising-for-traffic/?couponCode=3102023
2023-03-12 13:19:00,333 - INFO - FREE: https://www.udemy.com/course/facebook-leads-generation-business-marketing-ads-strategy-hack/?couponCode=3102023
2023-03-12 13:19:00,381 - INFO - Crawling: https://inventhigh.net/udemy/facebook-marketing-social-media-marketing-advertising-strategy-ads/
2023-03-12 13:19:00,382 - INFO - Checking: https://www.udemy.com/course/facebook-marketing-social-media-marketing-advertising-strategy-ads/?couponCode=3102023
2023-03-12 13:19:00,384 - INFO - Crawling: https://inventhigh.net/udemy/facebook-marketing-mentorship-program-yasir-ahmed-mba-hindi-urdu-ads/
2023-03-12 13:19:00,388 - INFO - Checking: https://www.udemy.com/course/facebook-marketing-mentorship-program-yasir-ahmed-mba-hindi-urdu-ads/?couponCode=3102023
2023-03-12 13:19:00,501 - INFO - FREE: https://www.udemy.com/course/digital-marketing-with-google-my-business-seo-website-local-listing/?couponCode=3102023
2023-03-12 13:19:00,528 - INFO - Crawling: https://inventhigh.net/udemy/estrategias-pro-targeting-audiencia-facebook-ads-digital-social-media/
2023-03-12 13:19:00,529 - INFO - Checking: https://www.udemy.com/course/estrategias-pro-targeting-audiencia-facebook-ads-digital-social-media/?couponCode=3102023
2023-03-12 13:19:00,686 - INFO - Crawling: https://inventhigh.net/udemy/instagram-ads-marketing-selling-strategy-hindi-2021-2022-2023-2024/
2023-03-12 13:19:00,687 - INFO - Checking: https://www.udemy.com/course/instagram-ads-marketing-selling-strategy-hindi-2021-2022-2023-2024/?couponCode=3102023
2023-03-12 13:19:01,122 - INFO - Crawling: https://inventhigh.net/udemy/dropshipping-shopify-store-creation-like-boss-for-ecommerce/
2023-03-12 13:19:01,123 - INFO - Checking: https://www.udemy.com/course/dropshipping-shopify-store-creation-like-boss-for-ecommerce/?couponCode=3102023
2023-03-12 13:19:01,255 - INFO - FREE: https://www.udemy.com/course/facebook-marketing-for-lead-generation-2020/?couponCode=3102023
2023-03-12 13:19:01,306 - INFO - Crawling: https://inventhigh.net/udemy/configuracion-optimizacion-pagina-facebook-marketing-digital-2021/
2023-03-12 13:19:01,307 - INFO - Checking: https://www.udemy.com/course/configuracion-optimizacion-pagina-facebook-marketing-digital-2021/?couponCode=3102023
2023-03-12 13:19:01,324 - INFO - Crawling: https://inventhigh.net/udemy/online-marketing-with-google-my-business-digital-marketing/
2023-03-12 13:19:01,325 - INFO - Checking: https://www.udemy.com/course/online-marketing-with-google-my-business-digital-marketing/?couponCode=3102023
2023-03-12 13:19:01,571 - INFO - Crawling: https://inventhigh.net/udemy/como-crear-y-configurar-tu-canal-de-youtube-marketing-video-movil/
2023-03-12 13:19:01,572 - INFO - Checking: https://www.udemy.com/course/como-crear-y-configurar-tu-canal-de-youtube-marketing-video-movil/?couponCode=3102023
2023-03-12 13:19:01,769 - INFO - FREE: https://www.udemy.com/course/facebook-marketing-mentorship-program-yasir-ahmed-mba-hindi-urdu-ads/?couponCode=3102023
2023-03-12 13:19:01,770 - INFO - Crawling: https://inventhigh.net/udemy/camtasia-video-editing-youtube-animation-elearning-in-hindi-urdu/
2023-03-12 13:19:01,771 - INFO - Checking: https://www.udemy.com/course/camtasia-video-editing-youtube-animation-elearning-in-hindi-urdu/?couponCode=3102023
2023-03-12 13:19:02,005 - INFO - FREE: https://www.udemy.com/course/facebook-marketing-social-media-marketing-advertising-strategy-ads/?couponCode=3102023
2023-03-12 13:19:02,041 - INFO - FREE: https://www.udemy.com/course/estrategias-pro-targeting-audiencia-facebook-ads-digital-social-media/?couponCode=3102023
2023-03-12 13:19:02,161 - INFO - FREE: https://www.udemy.com/course/instagram-ads-marketing-selling-strategy-hindi-2021-2022-2023-2024/?couponCode=3102023
2023-03-12 13:19:02,352 - INFO - FREE: https://www.udemy.com/course/dropshipping-shopify-store-creation-like-boss-for-ecommerce/?couponCode=3102023
2023-03-12 13:19:02,467 - INFO - Crawling: https://inventhigh.net/udemy/build-shopify-ecommerce-website-30-min-zero-experience-2020-2021-2022/
2023-03-12 13:19:02,468 - INFO - Checking: https://www.udemy.com/course/build-shopify-ecommerce-website-30-min-zero-experience-2020-2021-2022/?couponCode=3102023
2023-03-12 13:19:02,735 - INFO - FREE: https://www.udemy.com/course/online-marketing-with-google-my-business-digital-marketing/?couponCode=3102023
2023-03-12 13:19:02,938 - INFO - Crawling: https://inventhigh.net/udemy/adobe-indesign-cc-2020-master-course-q/
2023-03-12 13:19:02,939 - INFO - Checking: https://www.udemy.com/course/adobe-indesign-cc-2020-master-course-q/?couponCode=FREE323G1S2
2023-03-12 13:19:02,961 - INFO - FREE: https://www.udemy.com/course/configuracion-optimizacion-pagina-facebook-marketing-digital-2021/?couponCode=3102023
2023-03-12 13:19:03,002 - INFO - FREE: https://www.udemy.com/course/como-crear-y-configurar-tu-canal-de-youtube-marketing-video-movil/?couponCode=3102023
2023-03-12 13:19:03,059 - INFO - Crawling: https://inventhigh.net/udemy/learn-basic-indesign/
2023-03-12 13:19:03,060 - INFO - Checking: https://www.udemy.com/course/learn-basic-indesign/?couponCode=FREE323G1S2
2023-03-12 13:19:03,068 - INFO - FREE: https://www.udemy.com/course/camtasia-video-editing-youtube-animation-elearning-in-hindi-urdu/?couponCode=3102023
2023-03-12 13:19:03,196 - INFO - Crawling: https://inventhigh.net/udemy/learn-basic-incopy/
2023-03-12 13:19:03,197 - INFO - Checking: https://www.udemy.com/course/learn-basic-incopy/?couponCode=FREE323G1S2
2023-03-12 13:19:03,649 - INFO - Crawling: https://inventhigh.net/udemy/adobe-illustrator-cc-2020-master-course/
2023-03-12 13:19:03,650 - INFO - Checking: https://www.udemy.com/course/adobe-illustrator-cc-2020-master-course/?couponCode=FREE323G1S2
2023-03-12 13:19:03,693 - INFO - Crawling: https://inventhigh.net/udemy/learn-basic-illustrator/
2023-03-12 13:19:03,697 - INFO - Checking: https://www.udemy.com/course/learn-basic-illustrator/?couponCode=FREE323G1S2
2023-03-12 13:19:03,786 - INFO - Crawling: https://inventhigh.net/udemy/learn-basic-fuse/
2023-03-12 13:19:03,787 - INFO - Checking: https://www.udemy.com/course/learn-basic-fuse/?couponCode=FREE323G1S2
2023-03-12 13:19:03,853 - INFO - FREE: https://www.udemy.com/course/adobe-indesign-cc-2020-master-course-q/?couponCode=FREE323G1S2
2023-03-12 13:19:03,857 - INFO - FREE: https://www.udemy.com/course/build-shopify-ecommerce-website-30-min-zero-experience-2020-2021-2022/?couponCode=3102023
2023-03-12 13:19:04,028 - INFO - Crawling: https://inventhigh.net/udemy/learn-adobe-fonts/
2023-03-12 13:19:04,029 - INFO - Checking: https://www.udemy.com/course/learn-adobe-fonts/?couponCode=FREE323G1S2
2023-03-12 13:19:04,061 - INFO - Crawling: https://inventhigh.net/udemy/adobe-dreamweaver-cc-2020-master-course/
2023-03-12 13:19:04,062 - INFO - Checking: https://www.udemy.com/course/adobe-dreamweaver-cc-2020-master-course/?couponCode=FREE323G1S2
2023-03-12 13:19:04,497 - INFO - FREE: https://www.udemy.com/course/learn-basic-indesign/?couponCode=FREE323G1S2
2023-03-12 13:19:04,767 - INFO - FREE: https://www.udemy.com/course/adobe-illustrator-cc-2020-master-course/?couponCode=FREE323G1S2
2023-03-12 13:19:04,872 - INFO - Crawling: https://inventhigh.net/udemy/learn-basic-dreamweaver/
2023-03-12 13:19:04,873 - INFO - Checking: https://www.udemy.com/course/learn-basic-dreamweaver/?couponCode=FREE323G1S2
2023-03-12 13:19:04,938 - INFO - Crawling: https://inventhigh.net/udemy/learn-basic-dimension/
2023-03-12 13:19:04,939 - INFO - Checking: https://www.udemy.com/course/learn-basic-dimension/?couponCode=FREE323G1S2
2023-03-12 13:19:04,960 - INFO - FREE: https://www.udemy.com/course/learn-basic-incopy/?couponCode=FREE323G1S2
2023-03-12 13:19:04,975 - INFO - FREE: https://www.udemy.com/course/learn-basic-fuse/?couponCode=FREE323G1S2
2023-03-12 13:19:05,028 - INFO - FREE: https://www.udemy.com/course/learn-basic-illustrator/?couponCode=FREE323G1S2
2023-03-12 13:19:05,097 - INFO - Crawling: https://inventhigh.net/udemy/adobe-creative-cloud-2020-master-course/
2023-03-12 13:19:05,098 - INFO - Checking: https://www.udemy.com/course/adobe-creative-cloud-2020-master-course/?couponCode=FREE323G1S2
2023-03-12 13:19:05,218 - INFO - FREE: https://www.udemy.com/course/learn-adobe-fonts/?couponCode=FREE323G1S2
2023-03-12 13:19:05,402 - INFO - Crawling: https://inventhigh.net/udemy/adobe-creative-cloud-master-course/
2023-03-12 13:19:05,403 - INFO - Checking: https://www.udemy.com/course/adobe-creative-cloud-master-course/?couponCode=FREE323G1S2
2023-03-12 13:19:05,469 - INFO - FREE: https://www.udemy.com/course/adobe-dreamweaver-cc-2020-master-course/?couponCode=FREE323G1S2
2023-03-12 13:19:05,766 - INFO - Crawling: https://inventhigh.net/udemy/learn-creative-cloud/
2023-03-12 13:19:05,767 - INFO - Checking: https://www.udemy.com/course/learn-creative-cloud/?couponCode=FREE323G1S2
2023-03-12 13:19:06,109 - INFO - FREE: https://www.udemy.com/course/learn-basic-dimension/?couponCode=FREE323G1S2
2023-03-12 13:19:06,123 - INFO - Crawling: https://inventhigh.net/udemy/learn-adobe-color/
2023-03-12 13:19:06,124 - INFO - Checking: https://www.udemy.com/course/learn-adobe-color/?couponCode=FREE323G1S2
2023-03-12 13:19:06,196 - INFO - FREE: https://www.udemy.com/course/learn-basic-dreamweaver/?couponCode=FREE323G1S2
2023-03-12 13:19:06,198 - INFO - Crawling: https://inventhigh.net/udemy/learn-basic-character-animator/
2023-03-12 13:19:06,199 - INFO - Checking: https://www.udemy.com/course/learn-basic-character-animator/?couponCode=FREE323G1S2
2023-03-12 13:19:06,261 - INFO - Crawling: https://inventhigh.net/udemy/learn-basic-adobe-bridge/
2023-03-12 13:19:06,262 - INFO - Checking: https://www.udemy.com/course/learn-basic-adobe-bridge/?couponCode=FREE323G1S2
2023-03-12 13:19:06,418 - INFO - FREE: https://www.udemy.com/course/adobe-creative-cloud-2020-master-course/?couponCode=FREE323G1S2
2023-03-12 13:19:06,439 - INFO - FREE: https://www.udemy.com/course/adobe-creative-cloud-master-course/?couponCode=FREE323G1S2
2023-03-12 13:19:06,518 - INFO - Crawling: https://inventhigh.net/udemy/learn-adobe-behance/
2023-03-12 13:19:06,519 - INFO - Checking: https://www.udemy.com/course/learn-adobe-behance/?couponCode=FREE323G1S2
2023-03-12 13:19:06,679 - INFO - Crawling: https://inventhigh.net/udemy/adobe-audition-cc-2020-master-course/
2023-03-12 13:19:06,680 - INFO - Checking: https://www.udemy.com/course/adobe-audition-cc-2020-master-course/?couponCode=FREE323G1S2
2023-03-12 13:19:06,998 - INFO - FREE: https://www.udemy.com/course/learn-creative-cloud/?couponCode=FREE323G1S2
2023-03-12 13:19:07,136 - INFO - Crawling: https://inventhigh.net/udemy/adobe-audition-projects/
2023-03-12 13:19:07,137 - INFO - Checking: https://www.udemy.com/course/adobe-audition-projects/?couponCode=FREE323G1S2
2023-03-12 13:19:07,366 - INFO - Crawling: https://inventhigh.net/udemy/learn-basic-audition/
2023-03-12 13:19:07,367 - INFO - Checking: https://www.udemy.com/course/learn-basic-audition/?couponCode=FREE323G1S2
2023-03-12 13:19:07,432 - INFO - FREE: https://www.udemy.com/course/learn-adobe-color/?couponCode=FREE323G1S2
2023-03-12 13:19:07,455 - INFO - FREE: https://www.udemy.com/course/learn-basic-adobe-bridge/?couponCode=FREE323G1S2
2023-03-12 13:19:07,483 - INFO - Crawling: https://inventhigh.net/udemy/adobe-animate-cc-2020-master-course/
2023-03-12 13:19:07,484 - INFO - Checking: https://www.udemy.com/course/adobe-animate-cc-2020-master-course/?couponCode=FREE323G1S2
2023-03-12 13:19:07,573 - INFO - FREE: https://www.udemy.com/course/learn-basic-character-animator/?couponCode=FREE323G1S2
2023-03-12 13:19:07,574 - INFO - Crawling: https://inventhigh.net/udemy/adobe-animate-projects/
2023-03-12 13:19:07,575 - INFO - Checking: https://www.udemy.com/course/adobe-animate-projects/?couponCode=FREE323G1S2
2023-03-12 13:19:07,736 - INFO - FREE: https://www.udemy.com/course/learn-adobe-behance/?couponCode=FREE323G1S2
2023-03-12 13:19:07,928 - INFO - Crawling: https://inventhigh.net/udemy/learn-basic-animate/
2023-03-12 13:19:07,929 - INFO - Checking: https://www.udemy.com/course/learn-basic-animate/?couponCode=FREE323G1S2
2023-03-12 13:19:08,015 - INFO - FREE: https://www.udemy.com/course/adobe-audition-cc-2020-master-course/?couponCode=FREE323G1S2
2023-03-12 13:19:08,466 - INFO - FREE: https://www.udemy.com/course/adobe-audition-projects/?couponCode=FREE323G1S2
2023-03-12 13:19:08,638 - INFO - FREE: https://www.udemy.com/course/learn-basic-audition/?couponCode=FREE323G1S2
2023-03-12 13:19:08,661 - INFO - Crawling: https://inventhigh.net/udemy/adobe-after-effects-cc-2020/
2023-03-12 13:19:08,662 - INFO - Checking: https://www.udemy.com/course/adobe-after-effects-cc-2020/?couponCode=FREE323G1S2
2023-03-12 13:19:08,684 - INFO - Crawling: https://inventhigh.net/udemy/adobe-after-effects-projects/
2023-03-12 13:19:08,685 - INFO - Checking: https://www.udemy.com/course/adobe-after-effects-projects/?couponCode=FREE323G1S2
2023-03-12 13:19:08,696 - INFO - Crawling: https://inventhigh.net/udemy/learn-basic-after-effects/
2023-03-12 13:19:08,697 - INFO - Checking: https://www.udemy.com/course/learn-basic-after-effects/?couponCode=FREE323G1S2
2023-03-12 13:19:08,711 - INFO - FREE: https://www.udemy.com/course/adobe-animate-cc-2020-master-course/?couponCode=FREE323G1S2
2023-03-12 13:19:08,860 - INFO - Crawling: https://inventhigh.net/udemy/learn-basic-acrobat-dc/
2023-03-12 13:19:08,861 - INFO - Checking: https://www.udemy.com/course/learn-basic-acrobat-dc/?couponCode=FREE323G1S2
2023-03-12 13:19:09,034 - INFO - Crawling: https://inventhigh.net/udemy/a-frame-framework/
2023-03-12 13:19:09,035 - INFO - Checking: https://www.udemy.com/course/a-frame-framework/?couponCode=FREE323G1S2
2023-03-12 13:19:09,059 - INFO - FREE: https://www.udemy.com/course/adobe-animate-projects/?couponCode=FREE323G1S2
2023-03-12 13:19:09,356 - INFO - Crawling: https://inventhigh.net/udemy/thedrumpath/
2023-03-12 13:19:09,357 - INFO - Checking: https://www.udemy.com/course/thedrumpath/?couponCode=COUPON2
2023-03-12 13:19:09,481 - INFO - FREE: https://www.udemy.com/course/learn-basic-animate/?couponCode=FREE323G1S2
2023-03-12 13:19:09,739 - INFO - Crawling: https://inventhigh.net/udemy/shamanic-essentials/
2023-03-12 13:19:09,740 - INFO - Checking: https://www.udemy.com/course/shamanic-essentials/?couponCode=D6BA93AD395C0D925B70
2023-03-12 13:19:09,858 - INFO - Crawling: https://inventhigh.net/udemy/salesforce-tableau-crm-einstein-discovery-consultant-exam-h/
2023-03-12 13:19:09,859 - INFO - Checking: https://www.udemy.com/course/salesforce-tableau-crm-einstein-discovery-consultant-exam-h/?couponCode=731B9CD33C6E14CCB1F9
2023-03-12 13:19:09,926 - INFO - FREE: https://www.udemy.com/course/adobe-after-effects-cc-2020/?couponCode=FREE323G1S2
2023-03-12 13:19:10,015 - INFO - Crawling: https://inventhigh.net/udemy/salesforce-certified-platform-developer-ii-examtest-2022/
2023-03-12 13:19:10,016 - INFO - Checking: https://www.udemy.com/course/salesforce-certified-platform-developer-ii-examtest-2022/?couponCode=9DD4FAE0700ED1AB06D4
2023-03-12 13:19:10,064 - INFO - FREE: https://www.udemy.com/course/learn-basic-after-effects/?couponCode=FREE323G1S2
2023-03-12 13:19:10,190 - INFO - FREE: https://www.udemy.com/course/a-frame-framework/?couponCode=FREE323G1S2
2023-03-12 13:19:10,227 - INFO - FREE: https://www.udemy.com/course/learn-basic-acrobat-dc/?couponCode=FREE323G1S2
2023-03-12 13:19:10,285 - INFO - FREE: https://www.udemy.com/course/adobe-after-effects-projects/?couponCode=FREE323G1S2
2023-03-12 13:19:10,550 - INFO - Crawling: https://inventhigh.net/udemy/salesforce-certified-platform-developer-i-test/
2023-03-12 13:19:10,551 - INFO - Checking: https://www.udemy.com/course/salesforce-certified-platform-developer-i-test/?couponCode=9743DC13786BA47E2F84
2023-03-12 13:19:10,701 - INFO - FREE: https://www.udemy.com/course/thedrumpath/?couponCode=COUPON2
2023-03-12 13:19:11,180 - INFO - FREE: https://www.udemy.com/course/shamanic-essentials/?couponCode=D6BA93AD395C0D925B70
2023-03-12 13:19:11,197 - INFO - Crawling: https://inventhigh.net/udemy/salesforce-adm-201-administration-essentials-exam-2022-l/
2023-03-12 13:19:11,198 - INFO - Checking: https://www.udemy.com/course/salesforce-adm-201-administration-essentials-exam-2022-l/?couponCode=CAB3BC6880444D082F39
2023-03-12 13:19:11,260 - INFO - FREE: https://www.udemy.com/course/salesforce-tableau-crm-einstein-discovery-consultant-exam-h/?couponCode=731B9CD33C6E14CCB1F9
2023-03-12 13:19:11,299 - INFO - Crawling: https://inventhigh.net/udemy/concept-design-for-3d-artists-mastering-sketching/
2023-03-12 13:19:11,300 - INFO - Checking: https://www.udemy.com/course/concept-design-for-3d-artists-mastering-sketching/?couponCode=EW_BR_CAMP_NEW_LA12
2023-03-12 13:19:11,327 - INFO - FREE: https://www.udemy.com/course/salesforce-certified-platform-developer-ii-examtest-2022/?couponCode=9DD4FAE0700ED1AB06D4
2023-03-12 13:19:11,422 - INFO - Crawling: https://inventhigh.net/udemy/prince-2-foundation-practice-test-exam/
2023-03-12 13:19:11,423 - INFO - Checking: https://www.udemy.com/course/prince-2-foundation-practice-test-exam/?couponCode=3FA2D2CC3B17B15F3555
2023-03-12 13:19:11,435 - INFO - Crawling: https://inventhigh.net/udemy/sacred-cacao/
2023-03-12 13:19:11,436 - INFO - Checking: https://www.udemy.com/course/sacred-cacao/?couponCode=3F1E99C0EAD7C5A39137
2023-03-12 13:19:11,446 - INFO - Crawling: https://inventhigh.net/udemy/podcast-mastery/
2023-03-12 13:19:11,447 - INFO - Checking: https://www.udemy.com/course/podcast-mastery/?couponCode=PMHMMMPEXPMAR152023
2023-03-12 13:19:11,613 - INFO - Crawling: https://inventhigh.net/udemy/itil4-foundation-practice-test-exam/
2023-03-12 13:19:11,614 - INFO - Checking: https://www.udemy.com/course/itil4-foundation-practice-test-exam/?couponCode=27A234ABF373CC6320D5
2023-03-12 13:19:12,091 - INFO - FREE: https://www.udemy.com/course/salesforce-certified-platform-developer-i-test/?couponCode=9743DC13786BA47E2F84
2023-03-12 13:19:12,368 - INFO - FREE: https://www.udemy.com/course/salesforce-adm-201-administration-essentials-exam-2022-l/?couponCode=CAB3BC6880444D082F39
2023-03-12 13:19:12,401 - INFO - Crawling: https://inventhigh.net/udemy/exam-c_sm100_7208-sap-certified-solution-manager-72-sps8/
2023-03-12 13:19:12,402 - INFO - Checking: https://www.udemy.com/course/exam-c_sm100_7208-sap-certified-solution-manager-72-sps8/?couponCode=FE7840AF67D84FE389EE
2023-03-12 13:19:12,626 - INFO - Crawling: https://inventhigh.net/udemy/mini-mba-in-branding/
2023-03-12 13:19:12,629 - INFO - Checking: https://www.udemy.com/course/mini-mba-in-branding/?couponCode=121E095D488BAEAD45D0
2023-03-12 13:19:12,729 - INFO - FREE: https://www.udemy.com/course/prince-2-foundation-practice-test-exam/?couponCode=3FA2D2CC3B17B15F3555
2023-03-12 13:19:12,915 - INFO - FREE: https://www.udemy.com/course/concept-design-for-3d-artists-mastering-sketching/?couponCode=EW_BR_CAMP_NEW_LA12
2023-03-12 13:19:12,918 - INFO - Crawling: https://inventhigh.net/udemy/apics-certified-supply-chain-professional-practice-test/
2023-03-12 13:19:12,919 - INFO - Checking: https://www.udemy.com/course/apics-certified-supply-chain-professional-practice-test/?couponCode=333EC12DFF6E64205786
2023-03-12 13:19:12,949 - INFO - FREE: https://www.udemy.com/course/itil4-foundation-practice-test-exam/?couponCode=27A234ABF373CC6320D5
2023-03-12 13:19:12,958 - INFO - FREE: https://www.udemy.com/course/podcast-mastery/?couponCode=PMHMMMPEXPMAR152023
2023-03-12 13:19:13,017 - INFO - FREE: https://www.udemy.com/course/sacred-cacao/?couponCode=3F1E99C0EAD7C5A39137
2023-03-12 13:19:13,384 - INFO - Crawling: https://inventhigh.net/udemy/youtube-podcast-marketing-for-natural-health-practitioners/
2023-03-12 13:19:13,385 - INFO - Checking: https://www.udemy.com/course/youtube-podcast-marketing-for-natural-health-practitioners/?couponCode=YTPMFNHPEXPMAR152023
2023-03-12 13:19:13,545 - INFO - Crawling: https://inventhigh.net/udemy/gcp-pcd-google-professional-cloud-developer/
2023-03-12 13:19:13,546 - INFO - Checking: https://www.udemy.com/course/gcp-pcd-google-professional-cloud-developer/?couponCode=FEB-DROP
2023-03-12 13:19:13,812 - INFO - FREE: https://www.udemy.com/course/exam-c_sm100_7208-sap-certified-solution-manager-72-sps8/?couponCode=FE7840AF67D84FE389EE
2023-03-12 13:19:13,859 - INFO - FREE: https://www.udemy.com/course/mini-mba-in-branding/?couponCode=121E095D488BAEAD45D0
2023-03-12 13:19:13,876 - INFO - Crawling: https://inventhigh.net/udemy/gcp-pca-google-professional-cloud-architect/
2023-03-12 13:19:13,877 - INFO - Checking: https://www.udemy.com/course/gcp-pca-google-professional-cloud-architect/?couponCode=FEB-DROP
2023-03-12 13:19:13,971 - INFO - Crawling: https://inventhigh.net/udemy/gcp-google-cloud-professional-data-engineer-certification/
2023-03-12 13:19:13,972 - INFO - Checking: https://www.udemy.com/course/gcp-google-cloud-professional-data-engineer-certification/?couponCode=FEB-DROP
2023-03-12 13:19:14,071 - INFO - FREE: https://www.udemy.com/course/apics-certified-supply-chain-professional-practice-test/?couponCode=333EC12DFF6E64205786
2023-03-12 13:19:14,103 - INFO - Crawling: https://inventhigh.net/udemy/gcp-ace-google-associate-cloud-engineer-certification/
2023-03-12 13:19:14,104 - INFO - Checking: https://www.udemy.com/course/gcp-ace-google-associate-cloud-engineer-certification/?couponCode=FEB-DROP
2023-03-12 13:19:14,132 - INFO - Crawling: https://inventhigh.net/udemy/e-mail-marketing-mit-klick-tipp-werde-profi-in-4-stunden/
2023-03-12 13:19:14,133 - INFO - Checking: https://www.udemy.com/course/e-mail-marketing-mit-klick-tipp-werde-profi-in-4-stunden/?couponCode=753E6990190A9A244FDD
2023-03-12 13:19:14,183 - INFO - Crawling: https://inventhigh.net/udemy/concevoir-les-toitures-residentielles-avec-revit-2020/
2023-03-12 13:19:14,184 - INFO - Checking: https://www.udemy.com/course/concevoir-les-toitures-residentielles-avec-revit-2020/?couponCode=3A8CD0F8E6ADBFEC005F
2023-03-12 13:19:14,461 - INFO - FREE: https://www.udemy.com/course/youtube-podcast-marketing-for-natural-health-practitioners/?couponCode=YTPMFNHPEXPMAR152023
2023-03-12 13:19:14,707 - INFO - FREE: https://www.udemy.com/course/gcp-pcd-google-professional-cloud-developer/?couponCode=FEB-DROP
2023-03-12 13:19:14,841 - INFO - Crawling: https://inventhigh.net/udemy/power-podcast-el-exito-de-los-negocios-en-medios-sociales/
2023-03-12 13:19:14,843 - INFO - Checking: https://www.udemy.com/course/power-podcast-el-exito-de-los-negocios-en-medios-sociales/?couponCode=APRENDEEXPMAR152023
2023-03-12 13:19:15,039 - INFO - Crawling: https://inventhigh.net/udemy/access-your-intuition-through-dowsing/
2023-03-12 13:19:15,040 - INFO - Checking: https://www.udemy.com/course/access-your-intuition-through-dowsing/?couponCode=0A0553E705A266CA822B
2023-03-12 13:19:15,182 - INFO - FREE: https://www.udemy.com/course/gcp-pca-google-professional-cloud-architect/?couponCode=FEB-DROP
2023-03-12 13:19:15,234 - INFO - Crawling: https://inventhigh.net/udemy/certified-media-buying-professional/
2023-03-12 13:19:15,235 - INFO - Checking: https://www.udemy.com/course/certified-media-buying-professional/?couponCode=LUCKYWATERRABBIT4
2023-03-12 13:19:15,424 - INFO - FREE: https://www.udemy.com/course/gcp-ace-google-associate-cloud-engineer-certification/?couponCode=FEB-DROP
2023-03-12 13:19:15,431 - INFO - Crawling: https://inventhigh.net/udemy/quantity-surveying-templates-for-effective-cost-management/
2023-03-12 13:19:15,432 - INFO - Checking: https://www.udemy.com/course/quantity-surveying-templates-for-effective-cost-management/?couponCode=QSTEMPLATESMAR23
2023-03-12 13:19:15,454 - INFO - FREE: https://www.udemy.com/course/gcp-google-cloud-professional-data-engineer-certification/?couponCode=FEB-DROP
2023-03-12 13:19:15,624 - INFO - FREE: https://www.udemy.com/course/e-mail-marketing-mit-klick-tipp-werde-profi-in-4-stunden/?couponCode=753E6990190A9A244FDD
2023-03-12 13:19:15,652 - INFO - FREE: https://www.udemy.com/course/concevoir-les-toitures-residentielles-avec-revit-2020/?couponCode=3A8CD0F8E6ADBFEC005F
2023-03-12 13:19:15,758 - INFO - Crawling: https://inventhigh.net/udemy/pmi-pmp-2023-practice-exams-1500-questions-pmbok7/
2023-03-12 13:19:15,759 - INFO - Checking: https://www.udemy.com/course/pmi-pmp-2023-practice-exams-1500-questions-pmbok7/?couponCode=2B8EF5D7250D87944D57
2023-03-12 13:19:16,182 - INFO - Crawling: https://inventhigh.net/udemy/concept-of-wellbeing-dealing-with-anxiety/
2023-03-12 13:19:16,183 - INFO - Checking: https://www.udemy.com/course/concept-of-wellbeing-dealing-with-anxiety/?couponCode=FREE_WELL_323
2023-03-12 13:19:16,329 - INFO - NOT: https://www.udemy.com/course/pmi-pmp-2023-practice-exams-1500-questions-pmbok7/?couponCode=2B8EF5D7250D87944D57
2023-03-12 13:19:16,347 - INFO - FREE: https://www.udemy.com/course/power-podcast-el-exito-de-los-negocios-en-medios-sociales/?couponCode=APRENDEEXPMAR152023
2023-03-12 13:19:16,405 - INFO - FREE: https://www.udemy.com/course/access-your-intuition-through-dowsing/?couponCode=0A0553E705A266CA822B
2023-03-12 13:19:16,576 - INFO - FREE: https://www.udemy.com/course/certified-media-buying-professional/?couponCode=LUCKYWATERRABBIT4
2023-03-12 13:19:16,639 - INFO - Crawling: https://inventhigh.net/udemy/windows-server-2016-with-powershell-basics/
2023-03-12 13:19:16,640 - INFO - Checking: https://www.udemy.com/course/windows-server-2016-with-powershell-basics/?couponCode=CF138847B64F86D8D54A
2023-03-12 13:19:16,748 - INFO - Crawling: https://inventhigh.net/udemy/the-complete-talking-head-video-production-masterclass/
2023-03-12 13:19:16,749 - INFO - Checking: https://www.udemy.com/course/the-complete-talking-head-video-production-masterclass/?couponCode=6B4D7973FD829C7042FD
2023-03-12 13:19:16,759 - INFO - Crawling: https://inventhigh.net/udemy/the-complete-resilience-course-master-emotional-resiliency/
2023-03-12 13:19:16,760 - INFO - Checking: https://www.udemy.com/course/the-complete-resilience-course-master-emotional-resiliency/?couponCode=20AC6055798E424A7434
2023-03-12 13:19:16,768 - INFO - Crawling: https://inventhigh.net/udemy/tiktok-marketing-course-for-beginners/
2023-03-12 13:19:16,769 - INFO - Checking: https://www.udemy.com/course/tiktok-marketing-course-for-beginners/?couponCode=TIKTOK1003
2023-03-12 13:19:16,796 - INFO - Crawling: https://inventhigh.net/udemy/teacher-training-how-to-teach-online-remote-teaching-1hr/
2023-03-12 13:19:16,797 - INFO - Checking: https://www.udemy.com/course/teacher-training-how-to-teach-online-remote-teaching-1hr/?couponCode=24089E97ABDDBC49727C
2023-03-12 13:19:16,851 - INFO - FREE: https://www.udemy.com/course/quantity-surveying-templates-for-effective-cost-management/?couponCode=QSTEMPLATESMAR23
2023-03-12 13:19:17,134 - INFO - Crawling: https://inventhigh.net/udemy/securing-the-budget-for-your-project-with-a-winning-pitch-deck/
2023-03-12 13:19:17,135 - INFO - Checking: https://www.udemy.com/course/securing-the-budget-for-your-project-with-a-winning-pitch-deck/?couponCode=B5BAD2DF305609A92F7A
2023-03-12 13:19:17,229 - INFO - FREE: https://www.udemy.com/course/concept-of-wellbeing-dealing-with-anxiety/?couponCode=FREE_WELL_323
2023-03-12 13:19:17,532 - INFO - Crawling: https://inventhigh.net/udemy/postgraduate-executive-diploma-leadership/
2023-03-12 13:19:17,533 - INFO - Checking: https://www.udemy.com/course/postgraduate-executive-diploma-leadership/?couponCode=3B5C3374DF375B4196D6
2023-03-12 13:19:17,748 - INFO - FREE: https://www.udemy.com/course/windows-server-2016-with-powershell-basics/?couponCode=CF138847B64F86D8D54A
2023-03-12 13:19:17,795 - INFO - Crawling: https://inventhigh.net/udemy/postgraduate-executive-diploma-general-management/
2023-03-12 13:19:17,797 - INFO - Checking: https://www.udemy.com/course/postgraduate-executive-diploma-general-management/?couponCode=DD9143743982E3BAC144
2023-03-12 13:19:17,888 - INFO - Crawling: https://inventhigh.net/udemy/consumer_lending/
2023-03-12 13:19:17,889 - INFO - Checking: https://www.udemy.com/course/consumer_lending/?couponCode=456DE314B3CEEBE8F344
2023-03-12 13:19:18,057 - INFO - FREE: https://www.udemy.com/course/teacher-training-how-to-teach-online-remote-teaching-1hr/?couponCode=24089E97ABDDBC49727C
2023-03-12 13:19:18,119 - INFO - FREE: https://www.udemy.com/course/tiktok-marketing-course-for-beginners/?couponCode=TIKTOK1003
2023-03-12 13:19:18,180 - INFO - FREE: https://www.udemy.com/course/the-complete-resilience-course-master-emotional-resiliency/?couponCode=20AC6055798E424A7434
2023-03-12 13:19:18,194 - INFO - FREE: https://www.udemy.com/course/the-complete-talking-head-video-production-masterclass/?couponCode=6B4D7973FD829C7042FD
2023-03-12 13:19:18,255 - INFO - Crawling: https://inventhigh.net/udemy/project-managers/
2023-03-12 13:19:18,256 - INFO - Checking: https://www.udemy.com/course/project-managers/?couponCode=B7B5A74459E1C99A2B1F
2023-03-12 13:19:18,378 - INFO - FREE: https://www.udemy.com/course/securing-the-budget-for-your-project-with-a-winning-pitch-deck/?couponCode=B5BAD2DF305609A92F7A
2023-03-12 13:19:18,802 - INFO - Crawling: https://inventhigh.net/udemy/digitisation/
2023-03-12 13:19:18,803 - INFO - Checking: https://www.udemy.com/course/digitisation/?couponCode=8DBC2A98DEBE252735EB
2023-03-12 13:19:19,105 - INFO - FREE: https://www.udemy.com/course/postgraduate-executive-diploma-leadership/?couponCode=3B5C3374DF375B4196D6
2023-03-12 13:19:19,186 - INFO - FREE: https://www.udemy.com/course/consumer_lending/?couponCode=456DE314B3CEEBE8F344
2023-03-12 13:19:19,248 - INFO - FREE: https://www.udemy.com/course/postgraduate-executive-diploma-general-management/?couponCode=DD9143743982E3BAC144
2023-03-12 13:19:19,410 - INFO - FREE: https://www.udemy.com/course/project-managers/?couponCode=B7B5A74459E1C99A2B1F
2023-03-12 13:19:19,488 - INFO - Crawling: https://inventhigh.net/udemy/digital-product-owner/
2023-03-12 13:19:19,491 - INFO - Checking: https://www.udemy.com/course/digital-product-owner/?couponCode=0122EA3EF7FB79467DCB
2023-03-12 13:19:19,568 - INFO - Crawling: https://inventhigh.net/udemy/crm-at-sales-service-marketing-and-business-management/
2023-03-12 13:19:19,569 - INFO - Checking: https://www.udemy.com/course/crm-at-sales-service-marketing-and-business-management/?couponCode=9429AC8553E60B257F27
2023-03-12 13:19:19,585 - INFO - Crawling: https://inventhigh.net/udemy/podcast-radio-talk-host/
2023-03-12 13:19:19,586 - INFO - Checking: https://www.udemy.com/course/podcast-radio-talk-host/?couponCode=PHMEXPMAR142023
2023-03-12 13:19:19,634 - INFO - Crawling: https://inventhigh.net/udemy/podcasting-profits-coaching-for-dollars/
2023-03-12 13:19:19,635 - INFO - Checking: https://www.udemy.com/course/podcasting-profits-coaching-for-dollars/?couponCode=PCPPEXPMAR142023
2023-03-12 13:19:19,705 - INFO - FREE: https://www.udemy.com/course/digitisation/?couponCode=8DBC2A98DEBE252735EB
2023-03-12 13:19:19,858 - INFO - Crawling: https://inventhigh.net/udemy/omnichannel-sales-service-management-with-ai-chat-bots/
2023-03-12 13:19:19,859 - INFO - Checking: https://www.udemy.com/course/omnichannel-sales-service-management-with-ai-chat-bots/?couponCode=9A2E89E1361FE4349851
2023-03-12 13:19:19,909 - INFO - Crawling: https://inventhigh.net/udemy/postgraduate-diploma-in-office-administration-management/
2023-03-12 13:19:19,910 - INFO - Checking: https://www.udemy.com/course/postgraduate-diploma-in-office-administration-management/?couponCode=925ECAB05DE0ABCAC6B1
2023-03-12 13:19:19,974 - INFO - Crawling: https://inventhigh.net/udemy/instagram-marketing-practical-course/
2023-03-12 13:19:19,975 - INFO - Checking: https://www.udemy.com/course/instagram-marketing-practical-course/?couponCode=INSTAGRAM1003
2023-03-12 13:19:20,148 - INFO - Crawling: https://inventhigh.net/udemy/iiba-ecba-business-analysis-certificate-06-tests-2023/
2023-03-12 13:19:20,149 - INFO - Checking: https://www.udemy.com/course/iiba-ecba-business-analysis-certificate-06-tests-2023/?couponCode=30775C64CF9EF566E23A
2023-03-12 13:19:20,519 - INFO - FREE: https://www.udemy.com/course/digital-product-owner/?couponCode=0122EA3EF7FB79467DCB
2023-03-12 13:19:20,660 - INFO - Crawling: https://inventhigh.net/udemy/minimalist-lifestyle-complete-course-decluttering-life/
2023-03-12 13:19:20,661 - INFO - Checking: https://www.udemy.com/course/minimalist-lifestyle-complete-course-decluttering-life/?couponCode=EF0E9C499CE6E8A4D930
2023-03-12 13:19:20,853 - INFO - Crawling: https://inventhigh.net/udemy/ultimate-google-adwords-ads-training-for-ppc-seo-2019/
2023-03-12 13:19:20,854 - INFO - Checking: https://www.udemy.com/course/ultimate-google-adwords-ads-training-for-ppc-seo-2019/?couponCode=3102023
2023-03-12 13:19:20,916 - INFO - FREE: https://www.udemy.com/course/crm-at-sales-service-marketing-and-business-management/?couponCode=9429AC8553E60B257F27
2023-03-12 13:19:20,957 - INFO - FREE: https://www.udemy.com/course/podcast-radio-talk-host/?couponCode=PHMEXPMAR142023
2023-03-12 13:19:21,092 - INFO - FREE: https://www.udemy.com/course/podcasting-profits-coaching-for-dollars/?couponCode=PCPPEXPMAR142023
2023-03-12 13:19:21,220 - INFO - FREE: https://www.udemy.com/course/postgraduate-diploma-in-office-administration-management/?couponCode=925ECAB05DE0ABCAC6B1
2023-03-12 13:19:21,313 - INFO - FREE: https://www.udemy.com/course/omnichannel-sales-service-management-with-ai-chat-bots/?couponCode=9A2E89E1361FE4349851
2023-03-12 13:19:21,466 - INFO - FREE: https://www.udemy.com/course/iiba-ecba-business-analysis-certificate-06-tests-2023/?couponCode=30775C64CF9EF566E23A
2023-03-12 13:19:21,548 - INFO - FREE: https://www.udemy.com/course/instagram-marketing-practical-course/?couponCode=INSTAGRAM1003
2023-03-12 13:19:21,676 - INFO - Crawling: https://inventhigh.net/udemy/an-introduction-to-vim-editor/
2023-03-12 13:19:21,677 - INFO - Checking: https://www.udemy.com/course/an-introduction-to-vim-editor/?couponCode=E14D9FE2F904630ABC4A
2023-03-12 13:19:21,914 - INFO - FREE: https://www.udemy.com/course/minimalist-lifestyle-complete-course-decluttering-life/?couponCode=EF0E9C499CE6E8A4D930
2023-03-12 13:19:21,950 - INFO - Crawling: https://inventhigh.net/udemy/financial-accounting-debits-credits-accounting-transaction/
2023-03-12 13:19:21,951 - INFO - Checking: https://www.udemy.com/course/financial-accounting-debits-credits-accounting-transaction/?couponCode=A57085E86B6A8B30872F
2023-03-12 13:19:22,028 - INFO - Crawling: https://inventhigh.net/udemy/wordpress-and-hosting-for-beginners/
2023-03-12 13:19:22,029 - INFO - Checking: https://www.udemy.com/course/wordpress-and-hosting-for-beginners/?couponCode=WORDPRESS1003
2023-03-12 13:19:22,152 - INFO - Crawling: https://inventhigh.net/udemy/complete-positive-thinking-course-happiness-psychology/
2023-03-12 13:19:22,153 - INFO - Checking: https://www.udemy.com/course/complete-positive-thinking-course-happiness-psychology/?couponCode=F90A2143A44ABB5595F6
2023-03-12 13:19:22,157 - INFO - FREE: https://www.udemy.com/course/ultimate-google-adwords-ads-training-for-ppc-seo-2019/?couponCode=3102023
2023-03-12 13:19:22,296 - INFO - Crawling: https://inventhigh.net/udemy/complete-hypnosis-weight-loss-course-dieting-psychology/
2023-03-12 13:19:22,298 - INFO - Checking: https://www.udemy.com/course/complete-hypnosis-weight-loss-course-dieting-psychology/?couponCode=E8CEBE83BFC1BAC2A3A6
2023-03-12 13:19:22,587 - INFO - Crawling: https://inventhigh.net/udemy/complete-good-sleep-habits-course-sleep-better-tonight/
2023-03-12 13:19:22,588 - INFO - Checking: https://www.udemy.com/course/complete-good-sleep-habits-course-sleep-better-tonight/?couponCode=1A97854C67372D83A12D
2023-03-12 13:19:22,693 - INFO - Crawling: https://inventhigh.net/udemy/complete-goal-setting-course-become-your-own-life-coach/
2023-03-12 13:19:22,694 - INFO - Checking: https://www.udemy.com/course/complete-goal-setting-course-become-your-own-life-coach/?couponCode=8E1CAD8DA1DB44329A56
2023-03-12 13:19:22,798 - INFO - FREE: https://www.udemy.com/course/an-introduction-to-vim-editor/?couponCode=E14D9FE2F904630ABC4A
2023-03-12 13:19:22,803 - INFO - Crawling: https://inventhigh.net/udemy/dropshipping-company-registration-in-uk-paypal-stripe-business/
2023-03-12 13:19:22,804 - INFO - Checking: https://www.udemy.com/course/dropshipping-company-registration-in-uk-paypal-stripe-business/?couponCode=3102023
2023-03-12 13:19:22,904 - INFO - Crawling: https://inventhigh.net/udemy/adobe-lightroom-classic-cc-master-the-develop-module/
2023-03-12 13:19:22,905 - INFO - Checking: https://www.udemy.com/course/adobe-lightroom-classic-cc-master-the-develop-module/?couponCode=YOUACCEL80938
2023-03-12 13:19:23,006 - INFO - FREE: https://www.udemy.com/course/wordpress-and-hosting-for-beginners/?couponCode=WORDPRESS1003
2023-03-12 13:19:23,057 - INFO - FREE: https://www.udemy.com/course/financial-accounting-debits-credits-accounting-transaction/?couponCode=A57085E86B6A8B30872F
2023-03-12 13:19:23,479 - INFO - Crawling: https://inventhigh.net/udemy/learn-etabs-safe-in-the-structural-design-of-15-stories-rc/
2023-03-12 13:19:23,480 - INFO - Checking: https://www.udemy.com/course/learn-etabs-safe-in-the-structural-design-of-15-stories-rc/?couponCode=B3BF3F3FD6ACEA65CD54
2023-03-12 13:19:23,519 - INFO - FREE: https://www.udemy.com/course/complete-positive-thinking-course-happiness-psychology/?couponCode=F90A2143A44ABB5595F6
2023-03-12 13:19:23,645 - INFO - FREE: https://www.udemy.com/course/complete-hypnosis-weight-loss-course-dieting-psychology/?couponCode=E8CEBE83BFC1BAC2A3A6
2023-03-12 13:19:23,846 - INFO - FREE: https://www.udemy.com/course/complete-good-sleep-habits-course-sleep-better-tonight/?couponCode=1A97854C67372D83A12D
2023-03-12 13:19:23,887 - INFO - FREE: https://www.udemy.com/course/complete-goal-setting-course-become-your-own-life-coach/?couponCode=8E1CAD8DA1DB44329A56
2023-03-12 13:19:23,997 - INFO - Crawling: https://inventhigh.net/udemy/pandas4datascience/
2023-03-12 13:19:23,998 - INFO - Checking: https://www.udemy.com/course/pandas4datascience/?couponCode=FDCFE158CB08AA0D9A25
2023-03-12 13:19:24,141 - INFO - Crawling: https://inventhigh.net/udemy/this-is-consciousness/
2023-03-12 13:19:24,142 - INFO - Checking: https://www.udemy.com/course/this-is-consciousness/?couponCode=FREE-YOUR-MIND
2023-03-12 13:19:24,210 - INFO - Crawling: https://inventhigh.net/udemy/functional-programming-learnit/
2023-03-12 13:19:24,211 - INFO - Checking: https://www.udemy.com/course/functional-programming-learnit/?couponCode=C051FB2D42CBE4DAE9D7
2023-03-12 13:19:24,217 - INFO - FREE: https://www.udemy.com/course/adobe-lightroom-classic-cc-master-the-develop-module/?couponCode=YOUACCEL80938
2023-03-12 13:19:24,332 - INFO - FREE: https://www.udemy.com/course/dropshipping-company-registration-in-uk-paypal-stripe-business/?couponCode=3102023
2023-03-12 13:19:24,458 - INFO - Crawling: https://inventhigh.net/udemy/start-your-own-clothing-brand-with-shopify/
2023-03-12 13:19:24,459 - INFO - Checking: https://www.udemy.com/course/start-your-own-clothing-brand-with-shopify/?couponCode=CF7CDFF4EB606E066196
2023-03-12 13:19:24,737 - INFO - FREE: https://www.udemy.com/course/learn-etabs-safe-in-the-structural-design-of-15-stories-rc/?couponCode=B3BF3F3FD6ACEA65CD54
2023-03-12 13:19:24,758 - INFO - Crawling: https://inventhigh.net/udemy/shopify-bootcamp-increase-your-sales-and-conversion-rate/
2023-03-12 13:19:24,759 - INFO - Checking: https://www.udemy.com/course/shopify-bootcamp-increase-your-sales-and-conversion-rate/?couponCode=C5CBF60D3EB95DA5B2E0
2023-03-12 13:19:24,783 - INFO - Crawling: https://inventhigh.net/udemy/learn-podcasting-brazil/
2023-03-12 13:19:24,784 - INFO - Checking: https://www.udemy.com/course/learn-podcasting-brazil/?couponCode=APRENDAEXPMAR142023
2023-03-12 13:19:24,888 - INFO - Crawling: https://inventhigh.net/udemy/zabbix-course/
2023-03-12 13:19:24,889 - INFO - Checking: https://www.udemy.com/course/zabbix-course/?couponCode=FREE323G10S1
2023-03-12 13:19:25,155 - INFO - FREE: https://www.udemy.com/course/pandas4datascience/?couponCode=FDCFE158CB08AA0D9A25
2023-03-12 13:19:25,260 - INFO - Crawling: https://inventhigh.net/udemy/learn-windows-command-line/
2023-03-12 13:19:25,261 - INFO - Checking: https://www.udemy.com/course/learn-windows-command-line/?couponCode=FREE323G10S1
2023-03-12 13:19:25,363 - INFO - Crawling: https://inventhigh.net/udemy/website-flipping-course/
2023-03-12 13:19:25,366 - INFO - Checking: https://www.udemy.com/course/website-flipping-course/?couponCode=FREE323G10S1
2023-03-12 13:19:25,495 - INFO - FREE: https://www.udemy.com/course/this-is-consciousness/?couponCode=FREE-YOUR-MIND
2023-03-12 13:19:25,628 - INFO - FREE: https://www.udemy.com/course/functional-programming-learnit/?couponCode=C051FB2D42CBE4DAE9D7
2023-03-12 13:19:25,671 - INFO - FREE: https://www.udemy.com/course/start-your-own-clothing-brand-with-shopify/?couponCode=CF7CDFF4EB606E066196
2023-03-12 13:19:25,764 - INFO - Crawling: https://inventhigh.net/udemy/webpack-v/
2023-03-12 13:19:25,765 - INFO - Checking: https://www.udemy.com/course/webpack-v/?couponCode=FREE323G10S1
2023-03-12 13:19:26,048 - INFO - FREE: https://www.udemy.com/course/shopify-bootcamp-increase-your-sales-and-conversion-rate/?couponCode=C5CBF60D3EB95DA5B2E0
2023-03-12 13:19:26,214 - INFO - Crawling: https://inventhigh.net/udemy/webxr-vr/
2023-03-12 13:19:26,215 - INFO - Checking: https://www.udemy.com/course/webxr-vr/?couponCode=FREE323G10S1
2023-03-12 13:19:26,266 - INFO - FREE: https://www.udemy.com/course/learn-podcasting-brazil/?couponCode=APRENDAEXPMAR142023
2023-03-12 13:19:26,343 - INFO - FREE: https://www.udemy.com/course/zabbix-course/?couponCode=FREE323G10S1
2023-03-12 13:19:26,629 - INFO - FREE: https://www.udemy.com/course/learn-windows-command-line/?couponCode=FREE323G10S1
2023-03-12 13:19:26,675 - INFO - Crawling: https://inventhigh.net/udemy/webgl-course/
2023-03-12 13:19:26,677 - INFO - Checking: https://www.udemy.com/course/webgl-course/?couponCode=FREE323G10S1
2023-03-12 13:19:26,746 - INFO - FREE: https://www.udemy.com/course/website-flipping-course/?couponCode=FREE323G10S1
2023-03-12 13:19:26,836 - INFO - Crawling: https://inventhigh.net/udemy/learn-web-hosting/
2023-03-12 13:19:26,837 - INFO - Checking: https://www.udemy.com/course/learn-web-hosting/?couponCode=FREE323G9S1
2023-03-12 13:19:26,864 - INFO - Crawling: https://inventhigh.net/udemy/web-development-ultimate-course/
2023-03-12 13:19:26,865 - INFO - Checking: https://www.udemy.com/course/web-development-ultimate-course/?couponCode=FREE323G9S1
2023-03-12 13:19:26,968 - INFO - FREE: https://www.udemy.com/course/webpack-v/?couponCode=FREE323G10S1
2023-03-12 13:19:27,006 - INFO - Crawling: https://inventhigh.net/udemy/learn-visual-studio-code-v/
2023-03-12 13:19:27,007 - INFO - Checking: https://www.udemy.com/course/learn-visual-studio-code-v/?couponCode=FREE323G9S1
2023-03-12 13:19:27,277 - INFO - Crawling: https://inventhigh.net/udemy/learn-basic-trello/
2023-03-12 13:19:27,278 - INFO - Checking: https://www.udemy.com/course/learn-basic-trello/?couponCode=FREE323G9S1
2023-03-12 13:19:27,528 - INFO - FREE: https://www.udemy.com/course/webxr-vr/?couponCode=FREE323G10S1
2023-03-12 13:19:27,548 - INFO - Crawling: https://inventhigh.net/udemy/threejs-course/
2023-03-12 13:19:27,549 - INFO - Checking: https://www.udemy.com/course/threejs-course/?couponCode=FREE323G9S1
2023-03-12 13:19:27,726 - INFO - Crawling: https://inventhigh.net/udemy/swagger-tools/
2023-03-12 13:19:27,727 - INFO - Checking: https://www.udemy.com/course/swagger-tools/?couponCode=FREE323G9S1
2023-03-12 13:19:27,825 - INFO - FREE: https://www.udemy.com/course/webgl-course/?couponCode=FREE323G10S1
2023-03-12 13:19:27,855 - INFO - Crawling: https://inventhigh.net/udemy/learn-sublime-text-3/
2023-03-12 13:19:27,856 - INFO - Checking: https://www.udemy.com/course/learn-sublime-text-3/?couponCode=FREE323G9S1
2023-03-12 13:19:28,023 - INFO - Crawling: https://inventhigh.net/udemy/learn-slack/
2023-03-12 13:19:28,024 - INFO - Checking: https://www.udemy.com/course/learn-slack/?couponCode=FREE323G9S1
2023-03-12 13:19:28,283 - INFO - FREE: https://www.udemy.com/course/web-development-ultimate-course/?couponCode=FREE323G9S1
2023-03-12 13:19:28,366 - INFO - FREE: https://www.udemy.com/course/learn-visual-studio-code-v/?couponCode=FREE323G9S1
2023-03-12 13:19:28,401 - INFO - FREE: https://www.udemy.com/course/learn-web-hosting/?couponCode=FREE323G9S1
2023-03-12 13:19:28,675 - INFO - FREE: https://www.udemy.com/course/learn-basic-trello/?couponCode=FREE323G9S1
2023-03-12 13:19:28,729 - INFO - Crawling: https://inventhigh.net/udemy/servlet-course/
2023-03-12 13:19:28,730 - INFO - Checking: https://www.udemy.com/course/servlet-course/?couponCode=FREE323G9S1
2023-03-12 13:19:28,820 - INFO - FREE: https://www.udemy.com/course/threejs-course/?couponCode=FREE323G9S1
2023-03-12 13:19:29,062 - INFO - Crawling: https://inventhigh.net/udemy/server-infrastructure/
2023-03-12 13:19:29,062 - INFO - Checking: https://www.udemy.com/course/server-infrastructure/?couponCode=FREE323G9S1
2023-03-12 13:19:29,231 - INFO - FREE: https://www.udemy.com/course/swagger-tools/?couponCode=FREE323G9S1
2023-03-12 13:19:29,283 - INFO - FREE: https://www.udemy.com/course/learn-sublime-text-3/?couponCode=FREE323G9S1
2023-03-12 13:19:29,380 - INFO - Crawling: https://inventhigh.net/udemy/learn-advanced-svg/
2023-03-12 13:19:29,381 - INFO - Checking: https://www.udemy.com/course/learn-advanced-svg/?couponCode=FREE323G9S1
2023-03-12 13:19:29,397 - INFO - Crawling: https://inventhigh.net/udemy/learn-basic-svg/
2023-03-12 13:19:29,398 - INFO - Checking: https://www.udemy.com/course/learn-basic-svg/?couponCode=FREE323G9S1
2023-03-12 13:19:29,438 - INFO - FREE: https://www.udemy.com/course/learn-slack/?couponCode=FREE323G9S1
2023-03-12 13:19:29,601 - INFO - Crawling: https://inventhigh.net/udemy/python-3-master-course-for-2021/
2023-03-12 13:19:29,602 - INFO - Checking: https://www.udemy.com/course/python-3-master-course-for-2021/?couponCode=FREE323G9S1
2023-03-12 13:19:29,712 - INFO - Crawling: https://inventhigh.net/udemy/organizational-behavior-organizational-design/
2023-03-12 13:19:29,713 - INFO - Checking: https://www.udemy.com/course/organizational-behavior-organizational-design/?couponCode=D26CA0654D7936219B9A
2023-03-12 13:19:29,796 - INFO - Crawling: https://inventhigh.net/udemy/independent-film-screenwriting/
2023-03-12 13:19:29,797 - INFO - Checking: https://www.udemy.com/course/independent-film-screenwriting/?couponCode=MARCHOFF
2023-03-12 13:19:29,973 - INFO - Crawling: https://inventhigh.net/udemy/how-to-produce-a-low-budget-independent-feature-film/
2023-03-12 13:19:29,974 - INFO - Checking: https://www.udemy.com/course/how-to-produce-a-low-budget-independent-feature-film/?couponCode=MARCHOFF
2023-03-12 13:19:29,990 - INFO - FREE: https://www.udemy.com/course/servlet-course/?couponCode=FREE323G9S1
2023-03-12 13:19:30,163 - INFO - FREE: https://www.udemy.com/course/server-infrastructure/?couponCode=FREE323G9S1
2023-03-12 13:19:30,215 - INFO - Crawling: https://inventhigh.net/udemy/indie-film-the-future-filmmakers-how-to-make-a-film/
2023-03-12 13:19:30,216 - INFO - Checking: https://www.udemy.com/course/indie-film-the-future-filmmakers-how-to-make-a-film/?couponCode=MARCHOFF
2023-03-12 13:19:30,546 - INFO - Crawling: https://inventhigh.net/udemy/how-to-edit-a-feature-film-by-yourself/
2023-03-12 13:19:30,547 - INFO - Checking: https://www.udemy.com/course/how-to-edit-a-feature-film-by-yourself/?couponCode=MARCHOFF
2023-03-12 13:19:30,719 - INFO - FREE: https://www.udemy.com/course/learn-advanced-svg/?couponCode=FREE323G9S1
2023-03-12 13:19:30,846 - INFO - FREE: https://www.udemy.com/course/learn-basic-svg/?couponCode=FREE323G9S1
2023-03-12 13:19:30,937 - INFO - Crawling: https://inventhigh.net/udemy/how-to-design-a-great-movie-poster-that-works/
2023-03-12 13:19:30,938 - INFO - Checking: https://www.udemy.com/course/how-to-design-a-great-movie-poster-that-works/?couponCode=MARCHOFF
2023-03-12 13:19:31,024 - INFO - FREE: https://www.udemy.com/course/python-3-master-course-for-2021/?couponCode=FREE323G9S1
2023-03-12 13:19:31,106 - INFO - FREE: https://www.udemy.com/course/independent-film-screenwriting/?couponCode=MARCHOFF
2023-03-12 13:19:31,141 - INFO - FREE: https://www.udemy.com/course/organizational-behavior-organizational-design/?couponCode=D26CA0654D7936219B9A
2023-03-12 13:19:31,247 - INFO - FREE: https://www.udemy.com/course/how-to-produce-a-low-budget-independent-feature-film/?couponCode=MARCHOFF
2023-03-12 13:19:31,269 - INFO - Crawling: https://inventhigh.net/udemy/being-independent-movie-director/
2023-03-12 13:19:31,270 - INFO - Checking: https://www.udemy.com/course/being-independent-movie-director/?couponCode=MARCHOFF
2023-03-12 13:19:31,551 - INFO - FREE: https://www.udemy.com/course/indie-film-the-future-filmmakers-how-to-make-a-film/?couponCode=MARCHOFF
2023-03-12 13:19:31,734 - INFO - Crawling: https://inventhigh.net/udemy/become-a-corporate-winner/
2023-03-12 13:19:31,735 - INFO - Checking: https://www.udemy.com/course/become-a-corporate-winner/?couponCode=MAR2023FREE1
2023-03-12 13:19:31,865 - INFO - FREE: https://www.udemy.com/course/how-to-edit-a-feature-film-by-yourself/?couponCode=MARCHOFF
2023-03-12 13:19:31,867 - INFO - Crawling: https://inventhigh.net/udemy/power-system-fundamentals-practice-test-1/
2023-03-12 13:19:31,868 - INFO - Checking: https://www.udemy.com/course/power-system-fundamentals-practice-test-1/?couponCode=C7949A1DFAEB7CFB4E9C
2023-03-12 13:19:32,049 - INFO - Crawling: https://inventhigh.net/udemy/prometheus-software/
2023-03-12 13:19:32,050 - INFO - Checking: https://www.udemy.com/course/prometheus-software/?couponCode=FREE323G8S1
2023-03-12 13:19:32,145 - INFO - FREE: https://www.udemy.com/course/how-to-design-a-great-movie-poster-that-works/?couponCode=MARCHOFF
2023-03-12 13:19:32,154 - INFO - Crawling: https://inventhigh.net/udemy/learn-powershell/
2023-03-12 13:19:32,155 - INFO - Checking: https://www.udemy.com/course/learn-powershell/?couponCode=FREE323G8S1
2023-03-12 13:19:32,416 - INFO - FREE: https://www.udemy.com/course/being-independent-movie-director/?couponCode=MARCHOFF
2023-03-12 13:19:32,507 - INFO - Crawling: https://inventhigh.net/udemy/learn-opera/
2023-03-12 13:19:32,508 - INFO - Checking: https://www.udemy.com/course/learn-opera/?couponCode=FREE323G8S1
2023-03-12 13:19:32,595 - INFO - Crawling: https://inventhigh.net/udemy/opengl-course/
2023-03-12 13:19:32,596 - INFO - Checking: https://www.udemy.com/course/opengl-course/?couponCode=FREE323G8S1
2023-03-12 13:19:32,673 - INFO - Crawling: https://inventhigh.net/udemy/open-broadcaster/
2023-03-12 13:19:32,674 - INFO - Checking: https://www.udemy.com/course/open-broadcaster/?couponCode=FREE323G8S1
2023-03-12 13:19:32,783 - INFO - FREE: https://www.udemy.com/course/become-a-corporate-winner/?couponCode=MAR2023FREE1
2023-03-12 13:19:32,823 - INFO - Crawling: https://inventhigh.net/udemy/network-monitoring/
2023-03-12 13:19:32,824 - INFO - Checking: https://www.udemy.com/course/network-monitoring/?couponCode=FREE323G8S1
2023-03-12 13:19:32,931 - INFO - FREE: https://www.udemy.com/course/power-system-fundamentals-practice-test-1/?couponCode=C7949A1DFAEB7CFB4E9C
2023-03-12 13:19:33,106 - INFO - Crawling: https://inventhigh.net/udemy/learn-microsoft-word/
2023-03-12 13:19:33,107 - INFO - Checking: https://www.udemy.com/course/learn-microsoft-word/?couponCode=FREE323G8S1
2023-03-12 13:19:33,326 - INFO - Crawling: https://inventhigh.net/udemy/learn-microsoft-to-do/
2023-03-12 13:19:33,327 - INFO - Checking: https://www.udemy.com/course/learn-microsoft-to-do/?couponCode=FREE323G8S1
2023-03-12 13:19:33,455 - INFO - FREE: https://www.udemy.com/course/learn-powershell/?couponCode=FREE323G8S1
2023-03-12 13:19:33,465 - INFO - FREE: https://www.udemy.com/course/prometheus-software/?couponCode=FREE323G8S1
2023-03-12 13:19:33,700 - INFO - FREE: https://www.udemy.com/course/learn-opera/?couponCode=FREE323G8S1
2023-03-12 13:19:33,897 - INFO - FREE: https://www.udemy.com/course/opengl-course/?couponCode=FREE323G8S1
2023-03-12 13:19:33,901 - INFO - Crawling: https://inventhigh.net/udemy/learn-microsoft-teams/
2023-03-12 13:19:33,902 - INFO - Checking: https://www.udemy.com/course/learn-microsoft-teams/?couponCode=FREE323G8S1
2023-03-12 13:19:34,057 - INFO - Crawling: https://inventhigh.net/udemy/learn-microsoft-sway-course/
2023-03-12 13:19:34,058 - INFO - Checking: https://www.udemy.com/course/learn-microsoft-sway-course/?couponCode=FREE323G8S1
2023-03-12 13:19:34,130 - INFO - FREE: https://www.udemy.com/course/open-broadcaster/?couponCode=FREE323G8S1
2023-03-12 13:19:34,288 - INFO - FREE: https://www.udemy.com/course/network-monitoring/?couponCode=FREE323G8S1
2023-03-12 13:19:34,406 - INFO - Crawling: https://inventhigh.net/udemy/learn-microsoft-publisher/
2023-03-12 13:19:34,407 - INFO - Checking: https://www.udemy.com/course/learn-microsoft-publisher/?couponCode=FREE323G8S1
2023-03-12 13:19:34,547 - INFO - Crawling: https://inventhigh.net/udemy/learn-microsoft-powerpoint/
2023-03-12 13:19:34,548 - INFO - Checking: https://www.udemy.com/course/learn-microsoft-powerpoint/?couponCode=FREE323G8S1
2023-03-12 13:19:34,605 - INFO - FREE: https://www.udemy.com/course/learn-microsoft-word/?couponCode=FREE323G8S1
2023-03-12 13:19:34,662 - INFO - FREE: https://www.udemy.com/course/learn-microsoft-to-do/?couponCode=FREE323G8S1
2023-03-12 13:19:34,709 - INFO - Crawling: https://inventhigh.net/udemy/learn-microsoft-powerapps-/
2023-03-12 13:19:34,710 - INFO - Checking: https://www.udemy.com/course/learn-microsoft-powerapps-/?couponCode=FREE323G8S1
2023-03-12 13:19:34,964 - INFO - Crawling: https://inventhigh.net/udemy/socio-political-philosophy-an-introduction/
2023-03-12 13:19:34,965 - INFO - Checking: https://www.udemy.com/course/socio-political-philosophy-an-introduction/?couponCode=SOLPOL_MARCH23
2023-03-12 13:19:35,151 - INFO - Crawling: https://inventhigh.net/udemy/python-certification-exam-preparation-4-practice-tests/
2023-03-12 13:19:35,152 - INFO - Checking: https://www.udemy.com/course/python-certification-exam-preparation-4-practice-tests/?couponCode=EAC3D298012F93539724
2023-03-12 13:19:35,214 - INFO - Crawling: https://inventhigh.net/udemy/hvac-duct-quantity-take-off-for-quantity-surveyors/
2023-03-12 13:19:35,214 - INFO - Checking: https://www.udemy.com/course/hvac-duct-quantity-take-off-for-quantity-surveyors/?couponCode=HVACMAR23
2023-03-12 13:19:35,280 - INFO - FREE: https://www.udemy.com/course/learn-microsoft-teams/?couponCode=FREE323G8S1
2023-03-12 13:19:35,320 - INFO - FREE: https://www.udemy.com/course/learn-microsoft-sway-course/?couponCode=FREE323G8S1
2023-03-12 13:19:35,597 - INFO - FREE: https://www.udemy.com/course/learn-microsoft-publisher/?couponCode=FREE323G8S1
2023-03-12 13:19:35,732 - INFO - FREE: https://www.udemy.com/course/learn-microsoft-powerpoint/?couponCode=FREE323G8S1
2023-03-12 13:19:35,978 - INFO - FREE: https://www.udemy.com/course/learn-microsoft-powerapps-/?couponCode=FREE323G8S1
2023-03-12 13:19:36,158 - INFO - FREE: https://www.udemy.com/course/socio-political-philosophy-an-introduction/?couponCode=SOLPOL_MARCH23
2023-03-12 13:19:36,319 - INFO - FREE: https://www.udemy.com/course/python-certification-exam-preparation-4-practice-tests/?couponCode=EAC3D298012F93539724
2023-03-12 13:19:36,524 - INFO - FREE: https://www.udemy.com/course/hvac-duct-quantity-take-off-for-quantity-surveyors/?couponCode=HVACMAR23
2023-03-12 13:19:36,849 - INFO - Crawling freebiesglobal...
2023-03-12 13:19:38,705 - INFO - https://freebiesglobal.com/the-complete-dart-learning-guide-2022-edition-4
2023-03-12 13:19:38,705 - INFO - https://freebiesglobal.com/the-complete-dart-learning-guide-14
2023-03-12 13:19:38,705 - INFO - https://freebiesglobal.com/the-python-and-django-learning-guide-10
2023-03-12 13:19:38,705 - INFO - https://freebiesglobal.com/learn-elementor-wordpress-for-startups-freelancers-15
2023-03-12 13:19:38,705 - INFO - https://freebiesglobal.com/creating-a-website-in-1-hour-wordpress-elementor-ux-3
2023-03-12 13:19:38,706 - INFO - https://freebiesglobal.com/golang-curso-profesional-de-go-de-cero-a-master-2023
2023-03-12 13:19:38,706 - INFO - https://freebiesglobal.com/escuela-de-programacion-y-desarrollo-web-desde-cero-a-master-8
2023-03-12 13:19:38,706 - INFO - https://freebiesglobal.com/the-web-front-end-learning-guide-10
2023-03-12 13:19:38,706 - INFO - https://freebiesglobal.com/aprende-matlab-y-simulink-de-cero-a-experto-2
2023-03-12 13:19:38,706 - INFO - https://freebiesglobal.com/curso-de-base-de-datos-mariadb-server-4
2023-03-12 13:19:38,706 - INFO - 10 links found in freebiesglobal
2023-03-12 13:19:40,858 - INFO - FREE: https://www.udemy.com/course/aprende-matlab-y-simulink-de-cero-a-experto/?couponCode=B53BAB31C1E75F7FB554
2023-03-12 13:19:41,439 - INFO - FREE: https://www.udemy.com/course/programacion-desarrollo-web/?couponCode=BEDB05F
2023-03-12 13:19:41,514 - INFO - NOT: https://www.udemy.com/course/curso-de-base-de-datos-mariadb-server/?couponCode=123DEAFDFBD3FEE501D3
2023-03-12 13:19:41,953 - INFO - NOT: https://www.udemy.com/course/wcsjwvoc/?couponCode=MA1-2023
2023-03-12 13:19:42,314 - INFO - NOT: https://www.udemy.com/course/dart-learning-guide/?couponCode=MA1-2023
2023-03-12 13:19:42,349 - INFO - NOT: https://www.udemy.com/course/amdbdfbs/?couponCode=MA1-2023
2023-03-12 13:19:42,371 - INFO - FREE: https://www.udemy.com/course/mwurstui/?couponCode=MA1-2023
2023-03-12 13:19:42,688 - INFO - NOT: https://www.udemy.com/course/curso-golang/?couponCode=69DE7331
2023-03-12 13:19:42,847 - INFO - NOT: https://www.udemy.com/course/creating-a-website-in-1-hour-wordpress-elementor-ux/?couponCode=BB1F864398E6DCC5BDB9
2023-03-12 13:19:43,009 - INFO - NOT: https://www.udemy.com/course/beginner-to-expert-learn-elementor-wordpress/?couponCode=597E9F3936C51B18E5D0
